
1월 11, 2024 13:21:54.378 NEW SESSION
1월 11, 2024 13:21:54.378 [9640:4916:0111/132154.376:ERROR:feature_processor_state.cc(40)] Processing error occured: model WebAppInstallationPromo failed with UkmEngineDisabled, message: 

1월 11, 2024 14:51:07.337 NEW SESSION
1월 11, 2024 14:51:07.338 [2168:11060:0111/145107.336:ERROR:feature_processor_state.cc(40)] Processing error occured: model WebAppInstallationPromo failed with UkmEngineDisabled, message: 
1월 11, 2024 14:52:25.503 [2168:11060:0111/145225.503:ERROR:feature_processor_state.cc(40)] Processing error occured: model WebAppInstallationPromo failed with UkmEngineDisabled, message: 
1월 11, 2024 14:54:33.917 [2168:11060:0111/145433.917:ERROR:feature_processor_state.cc(40)] Processing error occured: model WebAppInstallationPromo failed with UkmEngineDisabled, message: 
1월 11, 2024 14:56:34.985 [4152:7760:0111/145634.985:ERROR:feature_processor_state.cc(40)] Processing error occured: model WebAppInstallationPromo failed with UkmEngineDisabled, message: 
1월 11, 2024 14:57:22.704 [4152:7760:0111/145722.704:ERROR:feature_processor_state.cc(40)] Processing error occured: model WebAppInstallationPromo failed with UkmEngineDisabled, message: 
1월 11, 2024 15:17:42.359 [4152:7760:0111/151742.359:ERROR:feature_processor_state.cc(40)] Processing error occured: model WebAppInstallationPromo failed with UkmEngineDisabled, message: 
1월 11, 2024 15:17:51.702 [4152:7760:0111/151751.702:ERROR:feature_processor_state.cc(40)] Processing error occured: model WebAppInstallationPromo failed with UkmEngineDisabled, message: 
1월 11, 2024 15:18:24.549 [4152:7760:0111/151824.549:ERROR:feature_processor_state.cc(40)] Processing error occured: model WebAppInstallationPromo failed with UkmEngineDisabled, message: 
1월 11, 2024 15:19:55.752 [4152:7760:0111/151955.752:ERROR:feature_processor_state.cc(40)] Processing error occured: model WebAppInstallationPromo failed with UkmEngineDisabled, message: 
1월 11, 2024 15:19:59.430 [4152:7760:0111/151959.430:ERROR:feature_processor_state.cc(40)] Processing error occured: model WebAppInstallationPromo failed with UkmEngineDisabled, message: 
1월 11, 2024 15:21:39.713 [4152:7760:0111/152139.713:ERROR:feature_processor_state.cc(40)] Processing error occured: model WebAppInstallationPromo failed with UkmEngineDisabled, message: 
1월 11, 2024 15:25:06.366 [9408:6596:0111/152506.366:ERROR:feature_processor_state.cc(40)] Processing error occured: model WebAppInstallationPromo failed with UkmEngineDisabled, message: 
1월 11, 2024 15:25:13.226 [9408:6596:0111/152513.226:ERROR:feature_processor_state.cc(40)] Processing error occured: model WebAppInstallationPromo failed with UkmEngineDisabled, message: 
1월 11, 2024 15:34:59.833 [7136:8772:0111/153459.833:ERROR:feature_processor_state.cc(40)] Processing error occured: model WebAppInstallationPromo failed with UkmEngineDisabled, message: 
1월 11, 2024 15:37:56.280 [7136:8772:0111/153756.280:ERROR:feature_processor_state.cc(40)] Processing error occured: model WebAppInstallationPromo failed with UkmEngineDisabled, message: 
1월 11, 2024 15:38:00.562 [7136:8772:0111/153800.562:ERROR:feature_processor_state.cc(40)] Processing error occured: model WebAppInstallationPromo failed with UkmEngineDisabled, message: 
1월 11, 2024 15:38:47.205 [7136:8772:0111/153847.205:ERROR:feature_processor_state.cc(40)] Processing error occured: model WebAppInstallationPromo failed with UkmEngineDisabled, message: 
1월 11, 2024 15:38:58.671 [7136:8772:0111/153858.671:ERROR:feature_processor_state.cc(40)] Processing error occured: model WebAppInstallationPromo failed with UkmEngineDisabled, message: 
1월 11, 2024 15:41:12.129 [7136:8772:0111/154112.129:ERROR:feature_processor_state.cc(40)] Processing error occured: model WebAppInstallationPromo failed with UkmEngineDisabled, message: 
1월 11, 2024 15:42:49.812 [7136:8772:0111/154249.812:ERROR:feature_processor_state.cc(40)] Processing error occured: model WebAppInstallationPromo failed with UkmEngineDisabled, message: 
1월 11, 2024 15:43:38.49 [7136:8772:0111/154338.049:ERROR:feature_processor_state.cc(40)] Processing error occured: model WebAppInstallationPromo failed with UkmEngineDisabled, message: 
1월 11, 2024 15:46:42.853 [7136:8772:0111/154642.853:ERROR:feature_processor_state.cc(40)] Processing error occured: model WebAppInstallationPromo failed with UkmEngineDisabled, message: 
1월 11, 2024 15:47:44.225 [7136:8772:0111/154744.225:ERROR:feature_processor_state.cc(40)] Processing error occured: model WebAppInstallationPromo failed with UkmEngineDisabled, message: 
1월 11, 2024 15:47:47.651 [7136:8772:0111/154747.651:ERROR:feature_processor_state.cc(40)] Processing error occured: model WebAppInstallationPromo failed with UkmEngineDisabled, message: 
1월 11, 2024 15:53:48.557 [7136:8772:0111/155348.556:ERROR:feature_processor_state.cc(40)] Processing error occured: model WebAppInstallationPromo failed with UkmEngineDisabled, message: 
1월 11, 2024 15:57:06.374 [7136:8772:0111/155706.374:ERROR:feature_processor_state.cc(40)] Processing error occured: model WebAppInstallationPromo failed with UkmEngineDisabled, message: 
1월 11, 2024 15:57:10.739 [7136:8772:0111/155710.739:ERROR:feature_processor_state.cc(40)] Processing error occured: model WebAppInstallationPromo failed with UkmEngineDisabled, message: 
1월 11, 2024 16:00:52.916 [7136:8772:0111/160052.915:ERROR:feature_processor_state.cc(40)] Processing error occured: model WebAppInstallationPromo failed with UkmEngineDisabled, message: 
1월 11, 2024 16:02:31.52 [7136:8772:0111/160231.051:ERROR:feature_processor_state.cc(40)] Processing error occured: model WebAppInstallationPromo failed with UkmEngineDisabled, message: 
1월 11, 2024 16:03:56.186 [7136:8772:0111/160356.186:ERROR:feature_processor_state.cc(40)] Processing error occured: model WebAppInstallationPromo failed with UkmEngineDisabled, message: 
1월 11, 2024 16:04:01.188 [7136:8772:0111/160401.188:ERROR:feature_processor_state.cc(40)] Processing error occured: model WebAppInstallationPromo failed with UkmEngineDisabled, message: 
1월 11, 2024 16:04:26.534 [7136:8772:0111/160426.534:ERROR:feature_processor_state.cc(40)] Processing error occured: model WebAppInstallationPromo failed with UkmEngineDisabled, message: 
1월 11, 2024 16:04:29.723 [7136:8772:0111/160429.722:ERROR:feature_processor_state.cc(40)] Processing error occured: model WebAppInstallationPromo failed with UkmEngineDisabled, message: 
1월 11, 2024 16:09:01.108 [7136:8772:0111/160901.107:ERROR:feature_processor_state.cc(40)] Processing error occured: model WebAppInstallationPromo failed with UkmEngineDisabled, message: 
1월 11, 2024 16:13:29.504 [7136:8772:0111/161329.503:ERROR:feature_processor_state.cc(40)] Processing error occured: model WebAppInstallationPromo failed with UkmEngineDisabled, message: 
1월 11, 2024 16:14:11.373 [7136:8772:0111/161411.373:ERROR:feature_processor_state.cc(40)] Processing error occured: model WebAppInstallationPromo failed with UkmEngineDisabled, message: 
1월 11, 2024 16:14:15.510 [7136:8772:0111/161415.510:ERROR:feature_processor_state.cc(40)] Processing error occured: model WebAppInstallationPromo failed with UkmEngineDisabled, message: 
1월 11, 2024 16:15:11.792 [7136:8772:0111/161511.792:ERROR:feature_processor_state.cc(40)] Processing error occured: model WebAppInstallationPromo failed with UkmEngineDisabled, message: 
1월 11, 2024 16:15:15.252 [7136:8772:0111/161515.252:ERROR:feature_processor_state.cc(40)] Processing error occured: model WebAppInstallationPromo failed with UkmEngineDisabled, message: 
1월 11, 2024 16:17:44.767 [7136:8772:0111/161744.766:ERROR:feature_processor_state.cc(40)] Processing error occured: model WebAppInstallationPromo failed with UkmEngineDisabled, message: 
1월 11, 2024 16:17:57.780 [7136:8772:0111/161757.780:ERROR:feature_processor_state.cc(40)] Processing error occured: model WebAppInstallationPromo failed with UkmEngineDisabled, message: 
1월 11, 2024 16:18:49.478 [7136:8772:0111/161849.478:ERROR:feature_processor_state.cc(40)] Processing error occured: model WebAppInstallationPromo failed with UkmEngineDisabled, message: 
1월 11, 2024 16:19:49.52 [7136:8772:0111/161949.052:ERROR:feature_processor_state.cc(40)] Processing error occured: model WebAppInstallationPromo failed with UkmEngineDisabled, message: 
1월 11, 2024 16:19:53.183 [7136:8772:0111/161953.183:ERROR:feature_processor_state.cc(40)] Processing error occured: model WebAppInstallationPromo failed with UkmEngineDisabled, message: 
1월 11, 2024 16:33:09.454 [7136:8772:0111/163309.454:ERROR:feature_processor_state.cc(40)] Processing error occured: model WebAppInstallationPromo failed with UkmEngineDisabled, message: 
1월 11, 2024 16:33:14.275 [7136:8772:0111/163314.275:ERROR:feature_processor_state.cc(40)] Processing error occured: model WebAppInstallationPromo failed with UkmEngineDisabled, message: 
1월 11, 2024 16:34:55.763 [7136:8772:0111/163455.763:ERROR:feature_processor_state.cc(40)] Processing error occured: model WebAppInstallationPromo failed with UkmEngineDisabled, message: 
1월 11, 2024 16:42:00.53 [7136:8772:0111/164200.053:ERROR:feature_processor_state.cc(40)] Processing error occured: model WebAppInstallationPromo failed with UkmEngineDisabled, message: 
1월 11, 2024 16:42:03.611 [7136:8772:0111/164203.611:ERROR:feature_processor_state.cc(40)] Processing error occured: model WebAppInstallationPromo failed with UkmEngineDisabled, message: 
1월 11, 2024 16:43:10.291 [7136:8772:0111/164310.291:ERROR:feature_processor_state.cc(40)] Processing error occured: model WebAppInstallationPromo failed with UkmEngineDisabled, message: 
1월 11, 2024 16:43:48.597 [7136:8772:0111/164348.597:ERROR:feature_processor_state.cc(40)] Processing error occured: model WebAppInstallationPromo failed with UkmEngineDisabled, message: 
1월 11, 2024 16:44:43.99 [7136:8772:0111/164443.098:ERROR:CONSOLE(0)] "ReferenceError: dragEvent is not defined", source:  (0)
1월 11, 2024 16:44:56.224 [7136:8772:0111/164456.224:ERROR:feature_processor_state.cc(40)] Processing error occured: model WebAppInstallationPromo failed with UkmEngineDisabled, message: 
1월 11, 2024 16:48:14.892 [7136:8772:0111/164814.892:ERROR:feature_processor_state.cc(40)] Processing error occured: model WebAppInstallationPromo failed with UkmEngineDisabled, message: 
1월 11, 2024 16:48:18.516 [7136:8772:0111/164818.516:ERROR:feature_processor_state.cc(40)] Processing error occured: model WebAppInstallationPromo failed with UkmEngineDisabled, message: 
1월 11, 2024 16:49:25.842 [7136:8772:0111/164925.842:ERROR:feature_processor_state.cc(40)] Processing error occured: model WebAppInstallationPromo failed with UkmEngineDisabled, message: 
1월 11, 2024 16:52:47.789 [7136:8772:0111/165247.789:ERROR:feature_processor_state.cc(40)] Processing error occured: model WebAppInstallationPromo failed with UkmEngineDisabled, message: 
1월 11, 2024 16:57:26.285 [7136:8772:0111/165726.285:ERROR:feature_processor_state.cc(40)] Processing error occured: model WebAppInstallationPromo failed with UkmEngineDisabled, message: 
1월 11, 2024 17:09:12.917 [7136:8772:0111/170912.917:ERROR:feature_processor_state.cc(40)] Processing error occured: model WebAppInstallationPromo failed with UkmEngineDisabled, message: 
1월 11, 2024 17:09:19.769 [7136:8772:0111/170919.769:ERROR:feature_processor_state.cc(40)] Processing error occured: model WebAppInstallationPromo failed with UkmEngineDisabled, message: 
1월 11, 2024 17:11:31.293 [7136:8772:0111/171131.293:ERROR:feature_processor_state.cc(40)] Processing error occured: model WebAppInstallationPromo failed with UkmEngineDisabled, message: 
1월 11, 2024 17:14:03.47 [7136:8772:0111/171403.047:ERROR:feature_processor_state.cc(40)] Processing error occured: model WebAppInstallationPromo failed with UkmEngineDisabled, message: 
1월 11, 2024 17:14:06.662 [7136:8772:0111/171406.662:ERROR:feature_processor_state.cc(40)] Processing error occured: model WebAppInstallationPromo failed with UkmEngineDisabled, message: 
1월 11, 2024 17:14:22.527 [7136:8772:0111/171422.527:ERROR:feature_processor_state.cc(40)] Processing error occured: model WebAppInstallationPromo failed with UkmEngineDisabled, message: 
1월 11, 2024 17:14:58.96 [7136:8772:0111/171458.096:ERROR:feature_processor_state.cc(40)] Processing error occured: model WebAppInstallationPromo failed with UkmEngineDisabled, message: 
1월 11, 2024 17:16:02.592 [7136:8772:0111/171602.592:ERROR:CONSOLE(0)] "ReferenceError: dragEvent is not defined", source:  (0)
1월 11, 2024 17:16:50.19 [7136:8772:0111/171650.019:ERROR:feature_processor_state.cc(40)] Processing error occured: model WebAppInstallationPromo failed with UkmEngineDisabled, message: 
1월 11, 2024 17:17:16.942 [7136:8772:0111/171716.941:ERROR:CONSOLE(0)] "ReferenceError: dragEvent is not defined", source:  (0)
1월 11, 2024 17:17:45.173 [7136:8772:0111/171745.173:ERROR:feature_processor_state.cc(40)] Processing error occured: model WebAppInstallationPromo failed with UkmEngineDisabled, message: 
1월 11, 2024 17:21:15.499 [7136:8772:0111/172115.499:ERROR:feature_processor_state.cc(40)] Processing error occured: model WebAppInstallationPromo failed with UkmEngineDisabled, message: 
1월 11, 2024 17:30:46.199 [7136:8772:0111/173046.199:ERROR:feature_processor_state.cc(40)] Processing error occured: model WebAppInstallationPromo failed with UkmEngineDisabled, message: 
1월 11, 2024 17:30:58.858 [7136:8772:0111/173058.858:ERROR:feature_processor_state.cc(40)] Processing error occured: model WebAppInstallationPromo failed with UkmEngineDisabled, message: 
1월 11, 2024 17:31:08.253 [7136:8772:0111/173108.253:ERROR:feature_processor_state.cc(40)] Processing error occured: model WebAppInstallationPromo failed with UkmEngineDisabled, message: 
1월 11, 2024 17:31:23.90 [7136:8772:0111/173123.090:ERROR:feature_processor_state.cc(40)] Processing error occured: model WebAppInstallationPromo failed with UkmEngineDisabled, message: 
1월 11, 2024 17:31:39.196 [7136:8772:0111/173139.196:ERROR:feature_processor_state.cc(40)] Processing error occured: model WebAppInstallationPromo failed with UkmEngineDisabled, message: 
1월 11, 2024 17:31:46.196 [7136:8772:0111/173146.196:ERROR:feature_processor_state.cc(40)] Processing error occured: model WebAppInstallationPromo failed with UkmEngineDisabled, message: 
1월 11, 2024 17:31:55.176 [7136:8772:0111/173155.176:ERROR:feature_processor_state.cc(40)] Processing error occured: model WebAppInstallationPromo failed with UkmEngineDisabled, message: 
1월 11, 2024 17:32:00.559 [7136:8772:0111/173200.559:ERROR:feature_processor_state.cc(40)] Processing error occured: model WebAppInstallationPromo failed with UkmEngineDisabled, message: 
1월 11, 2024 17:32:28.526 [7136:8772:0111/173228.526:ERROR:feature_processor_state.cc(40)] Processing error occured: model WebAppInstallationPromo failed with UkmEngineDisabled, message: 
1월 11, 2024 17:40:31.551 [7136:8772:0111/174031.551:ERROR:feature_processor_state.cc(40)] Processing error occured: model WebAppInstallationPromo failed with UkmEngineDisabled, message: 
1월 11, 2024 17:41:02.598 [7136:8772:0111/174102.598:ERROR:feature_processor_state.cc(40)] Processing error occured: model WebAppInstallationPromo failed with UkmEngineDisabled, message: 
1월 11, 2024 17:41:06.175 [7136:8772:0111/174106.175:ERROR:feature_processor_state.cc(40)] Processing error occured: model WebAppInstallationPromo failed with UkmEngineDisabled, message: 
1월 11, 2024 17:41:58.602 [7136:8772:0111/174158.602:ERROR:feature_processor_state.cc(40)] Processing error occured: model WebAppInstallationPromo failed with UkmEngineDisabled, message: 
1월 11, 2024 17:47:20.561 [7136:8772:0111/174720.560:ERROR:feature_processor_state.cc(40)] Processing error occured: model WebAppInstallationPromo failed with UkmEngineDisabled, message: 
1월 11, 2024 17:48:42.891 [7136:8772:0111/174842.891:ERROR:feature_processor_state.cc(40)] Processing error occured: model WebAppInstallationPromo failed with UkmEngineDisabled, message: 
1월 11, 2024 17:48:46.558 [7136:8772:0111/174846.557:ERROR:feature_processor_state.cc(40)] Processing error occured: model WebAppInstallationPromo failed with UkmEngineDisabled, message: 
1월 11, 2024 17:48:58.288 [7136:8772:0111/174858.287:ERROR:feature_processor_state.cc(40)] Processing error occured: model WebAppInstallationPromo failed with UkmEngineDisabled, message: 
1월 11, 2024 17:49:16.308 [7136:8772:0111/174916.308:ERROR:feature_processor_state.cc(40)] Processing error occured: model WebAppInstallationPromo failed with UkmEngineDisabled, message: 
1월 11, 2024 17:49:19.609 [7136:8772:0111/174919.609:ERROR:feature_processor_state.cc(40)] Processing error occured: model WebAppInstallationPromo failed with UkmEngineDisabled, message: 
1월 11, 2024 17:49:27.791 [7136:8772:0111/174927.791:ERROR:feature_processor_state.cc(40)] Processing error occured: model WebAppInstallationPromo failed with UkmEngineDisabled, message: 
1월 11, 2024 17:58:46.952 [7136:8772:0111/175846.952:ERROR:feature_processor_state.cc(40)] Processing error occured: model WebAppInstallationPromo failed with UkmEngineDisabled, message: 
1월 11, 2024 18:00:01.125 [7136:8772:0111/180001.124:ERROR:CONSOLE(1)] "Request Network.loadNetworkResource failed. {"code":-32602,"message":"Unsupported URL scheme"}", source: devtools://devtools/bundled/devtools-frontend/front_end/core/protocol_client/protocol_client.js (1)
1월 11, 2024 18:00:16.504 [7136:8772:0111/180016.504:ERROR:feature_processor_state.cc(40)] Processing error occured: model WebAppInstallationPromo failed with UkmEngineDisabled, message: 
1월 11, 2024 18:01:10.328 [7136:8772:0111/180110.328:ERROR:feature_processor_state.cc(40)] Processing error occured: model WebAppInstallationPromo failed with UkmEngineDisabled, message: 
1월 11, 2024 18:01:41.166 [7136:8772:0111/180141.166:ERROR:feature_processor_state.cc(40)] Processing error occured: model WebAppInstallationPromo failed with UkmEngineDisabled, message: 
1월 11, 2024 18:02:06.968 [7136:8772:0111/180206.968:ERROR:feature_processor_state.cc(40)] Processing error occured: model WebAppInstallationPromo failed with UkmEngineDisabled, message: 
1월 11, 2024 18:02:34.912 [7136:8772:0111/180234.912:ERROR:feature_processor_state.cc(40)] Processing error occured: model WebAppInstallationPromo failed with UkmEngineDisabled, message: 
1월 11, 2024 18:02:52.819 [7136:8772:0111/180252.818:ERROR:feature_processor_state.cc(40)] Processing error occured: model WebAppInstallationPromo failed with UkmEngineDisabled, message: 
1월 11, 2024 18:04:00.81 [7136:8772:0111/180400.080:ERROR:feature_processor_state.cc(40)] Processing error occured: model WebAppInstallationPromo failed with UkmEngineDisabled, message: 
1월 11, 2024 18:05:19.728 [7136:8772:0111/180519.728:ERROR:feature_processor_state.cc(40)] Processing error occured: model WebAppInstallationPromo failed with UkmEngineDisabled, message: 
1월 11, 2024 18:05:27.62 [7136:8772:0111/180527.062:ERROR:feature_processor_state.cc(40)] Processing error occured: model WebAppInstallationPromo failed with UkmEngineDisabled, message: 
1월 11, 2024 18:05:56.217 [7136:8772:0111/180556.217:ERROR:feature_processor_state.cc(40)] Processing error occured: model WebAppInstallationPromo failed with UkmEngineDisabled, message: 
1월 11, 2024 18:06:31.202 [7136:8772:0111/180631.202:ERROR:feature_processor_state.cc(40)] Processing error occured: model WebAppInstallationPromo failed with UkmEngineDisabled, message: 
1월 11, 2024 18:06:52.344 [7136:8772:0111/180652.344:ERROR:feature_processor_state.cc(40)] Processing error occured: model WebAppInstallationPromo failed with UkmEngineDisabled, message: 
1월 11, 2024 18:07:22.919 [7136:8772:0111/180722.919:ERROR:feature_processor_state.cc(40)] Processing error occured: model WebAppInstallationPromo failed with UkmEngineDisabled, message: 
1월 11, 2024 18:09:17.840 [7136:8772:0111/180917.840:ERROR:feature_processor_state.cc(40)] Processing error occured: model WebAppInstallationPromo failed with UkmEngineDisabled, message: 
1월 11, 2024 18:10:23.787 [7136:8772:0111/181023.787:ERROR:feature_processor_state.cc(40)] Processing error occured: model WebAppInstallationPromo failed with UkmEngineDisabled, message: 
1월 11, 2024 18:11:10.223 [7136:8772:0111/181110.223:ERROR:feature_processor_state.cc(40)] Processing error occured: model WebAppInstallationPromo failed with UkmEngineDisabled, message: 
1월 11, 2024 18:11:35.146 [7136:8772:0111/181135.146:ERROR:feature_processor_state.cc(40)] Processing error occured: model WebAppInstallationPromo failed with UkmEngineDisabled, message: 
1월 11, 2024 18:12:17.634 [7136:8772:0111/181217.634:ERROR:feature_processor_state.cc(40)] Processing error occured: model WebAppInstallationPromo failed with UkmEngineDisabled, message: 
1월 11, 2024 18:12:28.481 [7136:8772:0111/181228.481:ERROR:feature_processor_state.cc(40)] Processing error occured: model WebAppInstallationPromo failed with UkmEngineDisabled, message: 
1월 11, 2024 18:13:10.601 [7136:8772:0111/181310.601:ERROR:feature_processor_state.cc(40)] Processing error occured: model WebAppInstallationPromo failed with UkmEngineDisabled, message: 
1월 11, 2024 18:13:21.552 [7136:8772:0111/181321.552:ERROR:feature_processor_state.cc(40)] Processing error occured: model WebAppInstallationPromo failed with UkmEngineDisabled, message: 
1월 11, 2024 18:13:36.151 [7136:8772:0111/181336.151:ERROR:feature_processor_state.cc(40)] Processing error occured: model WebAppInstallationPromo failed with UkmEngineDisabled, message: 
1월 11, 2024 18:13:50.60 [7136:8772:0111/181350.060:ERROR:feature_processor_state.cc(40)] Processing error occured: model WebAppInstallationPromo failed with UkmEngineDisabled, message: 
1월 11, 2024 18:14:42.259 [7136:8772:0111/181442.259:ERROR:feature_processor_state.cc(40)] Processing error occured: model WebAppInstallationPromo failed with UkmEngineDisabled, message: 
1월 11, 2024 18:15:54.167 [7136:8772:0111/181554.166:ERROR:feature_processor_state.cc(40)] Processing error occured: model WebAppInstallationPromo failed with UkmEngineDisabled, message: 
1월 11, 2024 18:17:33.116 [7136:8772:0111/181733.116:ERROR:feature_processor_state.cc(40)] Processing error occured: model WebAppInstallationPromo failed with UkmEngineDisabled, message: 
1월 11, 2024 18:22:44.03 [7136:8772:0111/182244.002:ERROR:interface_endpoint_client.cc(702)] Message 1 rejected by interface blink.mojom.WidgetHost
1월 11, 2024 18:22:44.03 [7136:8772:0111/182244.002:ERROR:interface_endpoint_client.cc(702)] Message 1 rejected by interface blink.mojom.WidgetHost
1월 11, 2024 18:22:48.726 [7136:8772:0111/182248.726:ERROR:feature_processor_state.cc(40)] Processing error occured: model WebAppInstallationPromo failed with UkmEngineDisabled, message: 
1월 11, 2024 18:41:38.660 [7136:8772:0111/184138.659:ERROR:feature_processor_state.cc(40)] Processing error occured: model WebAppInstallationPromo failed with UkmEngineDisabled, message: 
1월 11, 2024 18:41:52.309 [7136:8772:0111/184152.309:ERROR:feature_processor_state.cc(40)] Processing error occured: model WebAppInstallationPromo failed with UkmEngineDisabled, message: 
1월 11, 2024 18:42:34.842 [7136:8772:0111/184234.842:ERROR:feature_processor_state.cc(40)] Processing error occured: model WebAppInstallationPromo failed with UkmEngineDisabled, message: 
1월 11, 2024 18:42:44.731 [7136:8772:0111/184244.731:ERROR:feature_processor_state.cc(40)] Processing error occured: model WebAppInstallationPromo failed with UkmEngineDisabled, message: 
1월 11, 2024 18:45:17.584 [7136:8772:0111/184517.584:ERROR:feature_processor_state.cc(40)] Processing error occured: model WebAppInstallationPromo failed with UkmEngineDisabled, message: 

1월 16, 2024 09:26:46.934 NEW SESSION
1월 16, 2024 09:26:46.934 [4124:6832:0116/092646.933:ERROR:feature_processor_state.cc(40)] Processing error occured: model WebAppInstallationPromo failed with UkmEngineDisabled, message: 
1월 16, 2024 09:26:56.522 [4124:6832:0116/092656.522:ERROR:feature_processor_state.cc(40)] Processing error occured: model WebAppInstallationPromo failed with UkmEngineDisabled, message: 
1월 16, 2024 09:28:35.588 [9572:6764:0116/092835.588:ERROR:feature_processor_state.cc(40)] Processing error occured: model WebAppInstallationPromo failed with UkmEngineDisabled, message: 
1월 16, 2024 09:28:45.258 [9572:6764:0116/092845.257:ERROR:feature_processor_state.cc(40)] Processing error occured: model WebAppInstallationPromo failed with UkmEngineDisabled, message: 
1월 16, 2024 09:28:49.924 [9572:6764:0116/092849.924:ERROR:feature_processor_state.cc(40)] Processing error occured: model WebAppInstallationPromo failed with UkmEngineDisabled, message: 
1월 16, 2024 09:28:53.483 [9572:6764:0116/092853.483:ERROR:feature_processor_state.cc(40)] Processing error occured: model WebAppInstallationPromo failed with UkmEngineDisabled, message: 
1월 16, 2024 09:28:58.383 [9572:6764:0116/092858.383:ERROR:feature_processor_state.cc(40)] Processing error occured: model WebAppInstallationPromo failed with UkmEngineDisabled, message: 
1월 16, 2024 09:29:34.722 [3276:3188:0116/092934.721:ERROR:feature_processor_state.cc(40)] Processing error occured: model WebAppInstallationPromo failed with UkmEngineDisabled, message: 
1월 16, 2024 09:29:40.270 [3276:3188:0116/092940.270:ERROR:feature_processor_state.cc(40)] Processing error occured: model WebAppInstallationPromo failed with UkmEngineDisabled, message: 
1월 16, 2024 09:29:48.588 [3276:3188:0116/092948.588:ERROR:feature_processor_state.cc(40)] Processing error occured: model WebAppInstallationPromo failed with UkmEngineDisabled, message: 
1월 16, 2024 09:29:52.50 [3276:3188:0116/092952.049:ERROR:feature_processor_state.cc(40)] Processing error occured: model WebAppInstallationPromo failed with UkmEngineDisabled, message: 
1월 16, 2024 09:30:04.955 [3276:3188:0116/093004.955:ERROR:feature_processor_state.cc(40)] Processing error occured: model WebAppInstallationPromo failed with UkmEngineDisabled, message: 
1월 16, 2024 09:30:05.03 [3276:3188:0116/093005.003:ERROR:CONSOLE(0)] "ReferenceError: dragEvent is not defined", source:  (0)
1월 16, 2024 09:30:17.571 [3276:3188:0116/093017.571:ERROR:feature_processor_state.cc(40)] Processing error occured: model WebAppInstallationPromo failed with UkmEngineDisabled, message: 
1월 16, 2024 09:30:32.393 [3276:3188:0116/093032.393:ERROR:feature_processor_state.cc(40)] Processing error occured: model WebAppInstallationPromo failed with UkmEngineDisabled, message: 
1월 16, 2024 09:30:45.529 [8308:6096:0116/093045.529:ERROR:feature_processor_state.cc(40)] Processing error occured: model WebAppInstallationPromo failed with UkmEngineDisabled, message: 
1월 16, 2024 09:30:50.449 [8308:6096:0116/093050.449:ERROR:feature_processor_state.cc(40)] Processing error occured: model WebAppInstallationPromo failed with UkmEngineDisabled, message: 
1월 16, 2024 09:30:51.371 [8308:6096:0116/093051.371:ERROR:CONSOLE(0)] "ReferenceError: dragEvent is not defined", source:  (0)
1월 16, 2024 09:31:05.263 [8308:6096:0116/093105.263:ERROR:feature_processor_state.cc(40)] Processing error occured: model WebAppInstallationPromo failed with UkmEngineDisabled, message: 
1월 16, 2024 09:32:18.625 [8308:6096:0116/093218.625:ERROR:feature_processor_state.cc(40)] Processing error occured: model WebAppInstallationPromo failed with UkmEngineDisabled, message: 
1월 16, 2024 09:32:21.942 [8308:6096:0116/093221.941:ERROR:feature_processor_state.cc(40)] Processing error occured: model WebAppInstallationPromo failed with UkmEngineDisabled, message: 
1월 16, 2024 09:32:27.745 [8308:6096:0116/093227.745:ERROR:feature_processor_state.cc(40)] Processing error occured: model WebAppInstallationPromo failed with UkmEngineDisabled, message: 
1월 16, 2024 09:32:54.690 [8308:6096:0116/093254.689:ERROR:feature_processor_state.cc(40)] Processing error occured: model WebAppInstallationPromo failed with UkmEngineDisabled, message: 
1월 16, 2024 09:34:23.286 INFO: Created TensorFlow Lite XNNPACK delegate for CPU.
1월 16, 2024 09:34:32.609 [8308:6096:0116/093432.609:ERROR:feature_processor_state.cc(40)] Processing error occured: model WebAppInstallationPromo failed with UkmEngineDisabled, message: 
1월 16, 2024 09:34:37.648 [8308:6096:0116/093437.648:ERROR:feature_processor_state.cc(40)] Processing error occured: model WebAppInstallationPromo failed with UkmEngineDisabled, message: 
1월 16, 2024 09:34:44.476 [8308:6096:0116/093444.476:ERROR:feature_processor_state.cc(40)] Processing error occured: model WebAppInstallationPromo failed with UkmEngineDisabled, message: 
1월 16, 2024 09:37:33.632 [8308:6096:0116/093733.631:ERROR:feature_processor_state.cc(40)] Processing error occured: model WebAppInstallationPromo failed with UkmEngineDisabled, message: 
1월 16, 2024 09:38:00.662 [8308:6096:0116/093800.662:ERROR:feature_processor_state.cc(40)] Processing error occured: model WebAppInstallationPromo failed with UkmEngineDisabled, message: 
1월 16, 2024 09:38:34.132 [8308:6096:0116/093834.132:ERROR:feature_processor_state.cc(40)] Processing error occured: model WebAppInstallationPromo failed with UkmEngineDisabled, message: 
1월 16, 2024 09:38:56.897 [6508:2204:0116/093856.897:ERROR:feature_processor_state.cc(40)] Processing error occured: model WebAppInstallationPromo failed with UkmEngineDisabled, message: 
1월 16, 2024 09:39:45.958 [6508:2204:0116/093945.958:ERROR:feature_processor_state.cc(40)] Processing error occured: model WebAppInstallationPromo failed with UkmEngineDisabled, message: 
1월 16, 2024 09:39:54.85 [6508:2204:0116/093954.085:ERROR:feature_processor_state.cc(40)] Processing error occured: model WebAppInstallationPromo failed with UkmEngineDisabled, message: 
1월 16, 2024 09:40:00.836 [6508:2204:0116/094000.836:ERROR:feature_processor_state.cc(40)] Processing error occured: model WebAppInstallationPromo failed with UkmEngineDisabled, message: 
1월 16, 2024 09:40:16.633 [6508:2204:0116/094016.633:ERROR:feature_processor_state.cc(40)] Processing error occured: model WebAppInstallationPromo failed with UkmEngineDisabled, message: 
1월 16, 2024 09:40:21.827 [6508:2204:0116/094021.827:ERROR:feature_processor_state.cc(40)] Processing error occured: model WebAppInstallationPromo failed with UkmEngineDisabled, message: 
1월 16, 2024 09:40:49.182 [6508:2204:0116/094049.182:ERROR:CONSOLE(0)] "ReferenceError: dragEvent is not defined", source:  (0)
1월 16, 2024 09:40:51.187 [6508:2204:0116/094051.187:ERROR:CONSOLE(0)] "ReferenceError: dragEvent is not defined", source:  (0)
1월 16, 2024 09:41:05.713 [6508:2204:0116/094105.713:ERROR:feature_processor_state.cc(40)] Processing error occured: model WebAppInstallationPromo failed with UkmEngineDisabled, message: 
1월 16, 2024 09:41:51.574 [6508:2204:0116/094151.574:ERROR:feature_processor_state.cc(40)] Processing error occured: model WebAppInstallationPromo failed with UkmEngineDisabled, message: 
1월 16, 2024 09:41:56.141 [6508:2204:0116/094156.141:ERROR:feature_processor_state.cc(40)] Processing error occured: model WebAppInstallationPromo failed with UkmEngineDisabled, message: 
1월 16, 2024 09:42:03.185 [6508:2204:0116/094203.185:ERROR:feature_processor_state.cc(40)] Processing error occured: model WebAppInstallationPromo failed with UkmEngineDisabled, message: 
1월 16, 2024 09:42:10.557 [6508:2204:0116/094210.557:ERROR:feature_processor_state.cc(40)] Processing error occured: model WebAppInstallationPromo failed with UkmEngineDisabled, message: 
1월 16, 2024 09:42:40.49 [6508:2204:0116/094240.049:ERROR:feature_processor_state.cc(40)] Processing error occured: model WebAppInstallationPromo failed with UkmEngineDisabled, message: 
1월 16, 2024 09:42:44.585 [6508:2204:0116/094244.585:ERROR:feature_processor_state.cc(40)] Processing error occured: model WebAppInstallationPromo failed with UkmEngineDisabled, message: 
1월 16, 2024 09:42:47.650 [6508:2204:0116/094247.650:ERROR:CONSOLE(0)] "ReferenceError: dragEvent is not defined", source:  (0)
1월 16, 2024 09:42:55.198 [6508:2204:0116/094255.198:ERROR:feature_processor_state.cc(40)] Processing error occured: model WebAppInstallationPromo failed with UkmEngineDisabled, message: 
1월 16, 2024 09:42:59.939 [6508:2204:0116/094259.939:ERROR:feature_processor_state.cc(40)] Processing error occured: model WebAppInstallationPromo failed with UkmEngineDisabled, message: 
1월 16, 2024 09:43:15.823 [6508:2204:0116/094315.823:ERROR:feature_processor_state.cc(40)] Processing error occured: model WebAppInstallationPromo failed with UkmEngineDisabled, message: 
1월 16, 2024 09:43:21.122 [6508:2204:0116/094321.122:ERROR:feature_processor_state.cc(40)] Processing error occured: model WebAppInstallationPromo failed with UkmEngineDisabled, message: 
1월 16, 2024 09:43:24.785 [6508:2204:0116/094324.785:ERROR:feature_processor_state.cc(40)] Processing error occured: model WebAppInstallationPromo failed with UkmEngineDisabled, message: 
1월 16, 2024 09:43:29.17 [6508:2204:0116/094329.017:ERROR:feature_processor_state.cc(40)] Processing error occured: model WebAppInstallationPromo failed with UkmEngineDisabled, message: 
1월 16, 2024 09:43:41.573 [6508:2204:0116/094341.573:ERROR:feature_processor_state.cc(40)] Processing error occured: model WebAppInstallationPromo failed with UkmEngineDisabled, message: 
1월 16, 2024 09:43:46.334 [6508:2204:0116/094346.334:ERROR:feature_processor_state.cc(40)] Processing error occured: model WebAppInstallationPromo failed with UkmEngineDisabled, message: 
1월 16, 2024 09:43:57.425 [6508:2204:0116/094357.425:ERROR:feature_processor_state.cc(40)] Processing error occured: model WebAppInstallationPromo failed with UkmEngineDisabled, message: 
1월 16, 2024 09:44:12.761 [6508:2204:0116/094412.761:ERROR:feature_processor_state.cc(40)] Processing error occured: model WebAppInstallationPromo failed with UkmEngineDisabled, message: 
1월 16, 2024 09:44:16.678 [6508:2204:0116/094416.678:ERROR:feature_processor_state.cc(40)] Processing error occured: model WebAppInstallationPromo failed with UkmEngineDisabled, message: 
1월 16, 2024 09:44:25.625 [6508:2204:0116/094425.625:ERROR:feature_processor_state.cc(40)] Processing error occured: model WebAppInstallationPromo failed with UkmEngineDisabled, message: 
1월 16, 2024 09:44:51.86 [6508:2204:0116/094451.085:ERROR:CONSOLE(0)] "ReferenceError: dragEvent is not defined", source:  (0)
1월 16, 2024 09:45:14.164 [6508:2204:0116/094514.164:ERROR:feature_processor_state.cc(40)] Processing error occured: model WebAppInstallationPromo failed with UkmEngineDisabled, message: 
1월 16, 2024 09:45:22.459 [6508:2204:0116/094522.458:ERROR:CONSOLE(0)] "ReferenceError: dragEvent is not defined", source:  (0)
1월 16, 2024 09:45:30.178 [6508:2204:0116/094530.178:ERROR:feature_processor_state.cc(40)] Processing error occured: model WebAppInstallationPromo failed with UkmEngineDisabled, message: 
1월 16, 2024 09:45:46.274 [6508:2204:0116/094546.274:ERROR:feature_processor_state.cc(40)] Processing error occured: model WebAppInstallationPromo failed with UkmEngineDisabled, message: 
1월 16, 2024 09:45:51.184 [6508:2204:0116/094551.184:ERROR:feature_processor_state.cc(40)] Processing error occured: model WebAppInstallationPromo failed with UkmEngineDisabled, message: 
1월 16, 2024 09:46:01.737 [6508:2204:0116/094601.737:ERROR:feature_processor_state.cc(40)] Processing error occured: model WebAppInstallationPromo failed with UkmEngineDisabled, message: 
1월 16, 2024 09:46:19.952 [6508:2204:0116/094619.952:ERROR:feature_processor_state.cc(40)] Processing error occured: model WebAppInstallationPromo failed with UkmEngineDisabled, message: 
1월 16, 2024 09:46:25.862 [6508:2204:0116/094625.862:ERROR:feature_processor_state.cc(40)] Processing error occured: model WebAppInstallationPromo failed with UkmEngineDisabled, message: 
1월 16, 2024 09:46:46.979 [6508:2204:0116/094646.979:ERROR:feature_processor_state.cc(40)] Processing error occured: model WebAppInstallationPromo failed with UkmEngineDisabled, message: 
1월 16, 2024 09:47:10.192 [6508:2204:0116/094710.192:ERROR:feature_processor_state.cc(40)] Processing error occured: model WebAppInstallationPromo failed with UkmEngineDisabled, message: 
1월 16, 2024 09:48:55.671 [3280:5504:0116/094855.671:ERROR:feature_processor_state.cc(40)] Processing error occured: model WebAppInstallationPromo failed with UkmEngineDisabled, message: 
1월 16, 2024 09:49:03.578 [3280:5504:0116/094903.578:ERROR:CONSOLE(0)] "ReferenceError: dragEvent is not defined", source:  (0)
1월 16, 2024 09:49:10.137 [3280:5504:0116/094910.137:ERROR:CONSOLE(0)] "ReferenceError: dragEvent is not defined", source:  (0)
1월 16, 2024 09:49:27.823 [3280:5504:0116/094927.823:ERROR:feature_processor_state.cc(40)] Processing error occured: model WebAppInstallationPromo failed with UkmEngineDisabled, message: 
1월 16, 2024 09:49:36.168 [3280:5504:0116/094936.168:ERROR:feature_processor_state.cc(40)] Processing error occured: model WebAppInstallationPromo failed with UkmEngineDisabled, message: 
1월 16, 2024 09:49:41.497 [3280:5504:0116/094941.497:ERROR:feature_processor_state.cc(40)] Processing error occured: model WebAppInstallationPromo failed with UkmEngineDisabled, message: 
1월 16, 2024 09:51:21.641 [3280:5504:0116/095121.641:ERROR:feature_processor_state.cc(40)] Processing error occured: model WebAppInstallationPromo failed with UkmEngineDisabled, message: 
1월 16, 2024 09:51:26.884 [3280:5504:0116/095126.884:ERROR:feature_processor_state.cc(40)] Processing error occured: model WebAppInstallationPromo failed with UkmEngineDisabled, message: 
1월 16, 2024 09:51:32.270 [3280:5504:0116/095132.270:ERROR:CONSOLE(0)] "ReferenceError: dragEvent is not defined", source:  (0)
1월 16, 2024 09:51:42.453 [3280:5504:0116/095142.453:ERROR:feature_processor_state.cc(40)] Processing error occured: model WebAppInstallationPromo failed with UkmEngineDisabled, message: 
1월 16, 2024 09:52:10.562 [3280:5504:0116/095210.562:ERROR:feature_processor_state.cc(40)] Processing error occured: model WebAppInstallationPromo failed with UkmEngineDisabled, message: 
1월 16, 2024 09:56:16.405 [3280:5504:0116/095616.405:ERROR:feature_processor_state.cc(40)] Processing error occured: model WebAppInstallationPromo failed with UkmEngineDisabled, message: 
1월 16, 2024 09:56:20.945 [3280:5504:0116/095620.945:ERROR:feature_processor_state.cc(40)] Processing error occured: model WebAppInstallationPromo failed with UkmEngineDisabled, message: 
1월 16, 2024 09:56:28.233 [3280:5504:0116/095628.233:ERROR:feature_processor_state.cc(40)] Processing error occured: model WebAppInstallationPromo failed with UkmEngineDisabled, message: 
1월 16, 2024 09:56:32.849 [3280:5504:0116/095632.849:ERROR:feature_processor_state.cc(40)] Processing error occured: model WebAppInstallationPromo failed with UkmEngineDisabled, message: 
1월 16, 2024 09:56:37.255 [3280:5504:0116/095637.255:ERROR:feature_processor_state.cc(40)] Processing error occured: model WebAppInstallationPromo failed with UkmEngineDisabled, message: 
1월 16, 2024 09:56:41.369 [3280:5504:0116/095641.369:ERROR:feature_processor_state.cc(40)] Processing error occured: model WebAppInstallationPromo failed with UkmEngineDisabled, message: 
1월 16, 2024 09:56:54.457 [3280:5504:0116/095654.457:ERROR:feature_processor_state.cc(40)] Processing error occured: model WebAppInstallationPromo failed with UkmEngineDisabled, message: 
1월 16, 2024 09:58:18.345 [3280:5504:0116/095818.344:ERROR:CONSOLE(0)] "ReferenceError: dragEvent is not defined", source:  (0)
1월 16, 2024 09:59:54.780 [3280:5504:0116/095954.780:ERROR:feature_processor_state.cc(40)] Processing error occured: model WebAppInstallationPromo failed with UkmEngineDisabled, message: 
1월 16, 2024 10:00:11.257 [3280:5504:0116/100011.257:ERROR:feature_processor_state.cc(40)] Processing error occured: model WebAppInstallationPromo failed with UkmEngineDisabled, message: 
1월 16, 2024 10:00:16.858 [3280:5504:0116/100016.857:ERROR:CONSOLE(0)] "ReferenceError: dragEvent is not defined", source:  (0)
1월 16, 2024 10:00:29.731 [3280:5504:0116/100029.730:ERROR:CONSOLE(0)] "ReferenceError: dragEvent is not defined", source:  (0)
1월 16, 2024 10:01:26.386 [3280:5504:0116/100126.386:ERROR:CONSOLE(0)] "ReferenceError: dragEvent is not defined", source:  (0)
1월 16, 2024 10:01:27.506 [3280:5504:0116/100127.506:ERROR:feature_processor_state.cc(40)] Processing error occured: model WebAppInstallationPromo failed with UkmEngineDisabled, message: 
1월 16, 2024 10:01:30.518 [3280:5504:0116/100130.517:ERROR:CONSOLE(0)] "ReferenceError: dragEvent is not defined", source:  (0)
1월 16, 2024 10:01:47.210 [3280:5504:0116/100147.210:ERROR:CONSOLE(0)] "ReferenceError: dragEvent is not defined", source:  (0)
1월 16, 2024 10:02:33.47 [3280:5504:0116/100233.047:ERROR:feature_processor_state.cc(40)] Processing error occured: model WebAppInstallationPromo failed with UkmEngineDisabled, message: 
1월 16, 2024 10:03:13.34 [3280:5504:0116/100313.033:ERROR:feature_processor_state.cc(40)] Processing error occured: model WebAppInstallationPromo failed with UkmEngineDisabled, message: 
1월 16, 2024 10:03:31.153 [3280:5504:0116/100331.153:ERROR:feature_processor_state.cc(40)] Processing error occured: model WebAppInstallationPromo failed with UkmEngineDisabled, message: 
1월 16, 2024 10:03:39.249 [3280:5504:0116/100339.249:ERROR:CONSOLE(0)] "ReferenceError: dragEvent is not defined", source:  (0)
1월 16, 2024 10:03:39.698 [3280:5504:0116/100339.698:ERROR:feature_processor_state.cc(40)] Processing error occured: model WebAppInstallationPromo failed with UkmEngineDisabled, message: 
1월 16, 2024 10:03:56.71 [3280:5504:0116/100356.071:ERROR:feature_processor_state.cc(40)] Processing error occured: model WebAppInstallationPromo failed with UkmEngineDisabled, message: 
1월 16, 2024 10:03:57.830 [3280:5504:0116/100357.829:ERROR:CONSOLE(0)] "ReferenceError: dragEvent is not defined", source:  (0)
1월 16, 2024 10:04:00.432 [3280:5504:0116/100400.432:ERROR:CONSOLE(0)] "ReferenceError: dragEvent is not defined", source:  (0)
1월 16, 2024 10:04:20.433 [3280:5504:0116/100420.433:ERROR:feature_processor_state.cc(40)] Processing error occured: model WebAppInstallationPromo failed with UkmEngineDisabled, message: 
1월 16, 2024 10:04:24.671 [3280:5504:0116/100424.671:ERROR:feature_processor_state.cc(40)] Processing error occured: model WebAppInstallationPromo failed with UkmEngineDisabled, message: 
1월 16, 2024 10:04:38.372 [3280:5504:0116/100438.371:ERROR:feature_processor_state.cc(40)] Processing error occured: model WebAppInstallationPromo failed with UkmEngineDisabled, message: 
1월 16, 2024 10:05:08.97 [3280:5504:0116/100508.097:ERROR:feature_processor_state.cc(40)] Processing error occured: model WebAppInstallationPromo failed with UkmEngineDisabled, message: 
1월 16, 2024 10:05:17.121 [3280:5504:0116/100517.121:ERROR:feature_processor_state.cc(40)] Processing error occured: model WebAppInstallationPromo failed with UkmEngineDisabled, message: 
1월 16, 2024 10:06:06.588 [3280:5504:0116/100606.588:ERROR:feature_processor_state.cc(40)] Processing error occured: model WebAppInstallationPromo failed with UkmEngineDisabled, message: 
1월 16, 2024 10:08:23.24 [3280:5504:0116/100823.024:ERROR:feature_processor_state.cc(40)] Processing error occured: model WebAppInstallationPromo failed with UkmEngineDisabled, message: 
1월 16, 2024 10:08:35.509 [3280:5504:0116/100835.509:ERROR:feature_processor_state.cc(40)] Processing error occured: model WebAppInstallationPromo failed with UkmEngineDisabled, message: 
1월 16, 2024 10:08:46.632 [3280:5504:0116/100846.632:ERROR:feature_processor_state.cc(40)] Processing error occured: model WebAppInstallationPromo failed with UkmEngineDisabled, message: 
1월 16, 2024 10:10:47.31 [3280:5504:0116/101047.031:ERROR:feature_processor_state.cc(40)] Processing error occured: model WebAppInstallationPromo failed with UkmEngineDisabled, message: 
1월 16, 2024 10:11:25.739 [9692:7376:0116/101125.739:ERROR:feature_processor_state.cc(40)] Processing error occured: model WebAppInstallationPromo failed with UkmEngineDisabled, message: 
1월 16, 2024 10:11:49.01 [9692:7376:0116/101149.001:ERROR:feature_processor_state.cc(40)] Processing error occured: model WebAppInstallationPromo failed with UkmEngineDisabled, message: 
1월 16, 2024 10:12:20.446 [9692:7376:0116/101220.446:ERROR:feature_processor_state.cc(40)] Processing error occured: model WebAppInstallationPromo failed with UkmEngineDisabled, message: 
1월 16, 2024 10:12:32.26 [9692:7376:0116/101232.026:ERROR:feature_processor_state.cc(40)] Processing error occured: model WebAppInstallationPromo failed with UkmEngineDisabled, message: 
1월 16, 2024 10:12:42.282 [9692:7376:0116/101242.282:ERROR:feature_processor_state.cc(40)] Processing error occured: model WebAppInstallationPromo failed with UkmEngineDisabled, message: 
1월 16, 2024 10:13:13.558 [9692:7376:0116/101313.558:ERROR:feature_processor_state.cc(40)] Processing error occured: model WebAppInstallationPromo failed with UkmEngineDisabled, message: 
1월 16, 2024 10:13:21.525 [9692:7376:0116/101321.525:ERROR:feature_processor_state.cc(40)] Processing error occured: model WebAppInstallationPromo failed with UkmEngineDisabled, message: 
1월 16, 2024 10:13:35.68 [9692:7376:0116/101335.068:ERROR:feature_processor_state.cc(40)] Processing error occured: model WebAppInstallationPromo failed with UkmEngineDisabled, message: 
1월 16, 2024 10:13:44.600 [9692:7376:0116/101344.600:ERROR:feature_processor_state.cc(40)] Processing error occured: model WebAppInstallationPromo failed with UkmEngineDisabled, message: 
1월 16, 2024 10:20:36.369 [9692:7376:0116/102036.369:ERROR:feature_processor_state.cc(40)] Processing error occured: model WebAppInstallationPromo failed with UkmEngineDisabled, message: 
1월 16, 2024 10:20:44.357 [9692:7376:0116/102044.357:ERROR:feature_processor_state.cc(40)] Processing error occured: model WebAppInstallationPromo failed with UkmEngineDisabled, message: 
1월 16, 2024 10:21:04.39 [5936:1600:0116/102104.039:ERROR:feature_processor_state.cc(40)] Processing error occured: model WebAppInstallationPromo failed with UkmEngineDisabled, message: 
1월 16, 2024 10:21:07.598 [5936:1600:0116/102107.598:ERROR:feature_processor_state.cc(40)] Processing error occured: model WebAppInstallationPromo failed with UkmEngineDisabled, message: 
1월 16, 2024 10:22:17.248 [5936:1600:0116/102217.248:ERROR:feature_processor_state.cc(40)] Processing error occured: model WebAppInstallationPromo failed with UkmEngineDisabled, message: 
1월 16, 2024 10:22:20.942 [5936:1600:0116/102220.942:ERROR:feature_processor_state.cc(40)] Processing error occured: model WebAppInstallationPromo failed with UkmEngineDisabled, message: 
1월 16, 2024 10:22:52.841 [5936:1600:0116/102252.841:ERROR:feature_processor_state.cc(40)] Processing error occured: model WebAppInstallationPromo failed with UkmEngineDisabled, message: 
1월 16, 2024 10:23:59.709 [5936:1600:0116/102359.709:ERROR:feature_processor_state.cc(40)] Processing error occured: model WebAppInstallationPromo failed with UkmEngineDisabled, message: 
1월 16, 2024 10:24:09.804 [5936:1600:0116/102409.804:ERROR:feature_processor_state.cc(40)] Processing error occured: model WebAppInstallationPromo failed with UkmEngineDisabled, message: 
1월 16, 2024 10:24:27.45 [5936:1600:0116/102427.045:ERROR:feature_processor_state.cc(40)] Processing error occured: model WebAppInstallationPromo failed with UkmEngineDisabled, message: 
1월 16, 2024 10:29:50.185 [5936:1600:0116/102950.185:ERROR:feature_processor_state.cc(40)] Processing error occured: model WebAppInstallationPromo failed with UkmEngineDisabled, message: 
1월 16, 2024 10:30:33.494 [5936:1600:0116/103033.494:ERROR:feature_processor_state.cc(40)] Processing error occured: model WebAppInstallationPromo failed with UkmEngineDisabled, message: 
1월 16, 2024 10:31:07.691 [5936:1600:0116/103107.691:ERROR:feature_processor_state.cc(40)] Processing error occured: model WebAppInstallationPromo failed with UkmEngineDisabled, message: 
1월 16, 2024 10:31:11.894 [5936:1600:0116/103111.894:ERROR:feature_processor_state.cc(40)] Processing error occured: model WebAppInstallationPromo failed with UkmEngineDisabled, message: 
1월 16, 2024 10:31:55.928 [5936:1600:0116/103155.928:ERROR:feature_processor_state.cc(40)] Processing error occured: model WebAppInstallationPromo failed with UkmEngineDisabled, message: 
1월 16, 2024 10:32:34.162 [5936:1600:0116/103234.162:ERROR:feature_processor_state.cc(40)] Processing error occured: model WebAppInstallationPromo failed with UkmEngineDisabled, message: 
1월 16, 2024 10:33:08.871 [5936:1600:0116/103308.871:ERROR:feature_processor_state.cc(40)] Processing error occured: model WebAppInstallationPromo failed with UkmEngineDisabled, message: 
1월 16, 2024 10:34:08.256 [5936:1600:0116/103408.256:ERROR:feature_processor_state.cc(40)] Processing error occured: model WebAppInstallationPromo failed with UkmEngineDisabled, message: 
1월 16, 2024 10:34:31.974 [5936:1600:0116/103431.974:ERROR:feature_processor_state.cc(40)] Processing error occured: model WebAppInstallationPromo failed with UkmEngineDisabled, message: 
1월 16, 2024 10:50:06.555 [5936:1600:0116/105006.555:ERROR:feature_processor_state.cc(40)] Processing error occured: model WebAppInstallationPromo failed with UkmEngineDisabled, message: 
1월 16, 2024 10:50:10.165 [5936:1600:0116/105010.165:ERROR:feature_processor_state.cc(40)] Processing error occured: model WebAppInstallationPromo failed with UkmEngineDisabled, message: 
1월 16, 2024 10:51:10.122 [5936:1600:0116/105110.122:ERROR:feature_processor_state.cc(40)] Processing error occured: model WebAppInstallationPromo failed with UkmEngineDisabled, message: 
1월 16, 2024 10:51:14.571 [5936:1600:0116/105114.571:ERROR:feature_processor_state.cc(40)] Processing error occured: model WebAppInstallationPromo failed with UkmEngineDisabled, message: 
1월 16, 2024 10:55:07.133 [5936:1600:0116/105507.133:ERROR:feature_processor_state.cc(40)] Processing error occured: model WebAppInstallationPromo failed with UkmEngineDisabled, message: 
1월 16, 2024 10:55:10.396 [5936:1600:0116/105510.396:ERROR:feature_processor_state.cc(40)] Processing error occured: model WebAppInstallationPromo failed with UkmEngineDisabled, message: 
1월 16, 2024 10:55:22.82 [5936:1600:0116/105522.082:ERROR:feature_processor_state.cc(40)] Processing error occured: model WebAppInstallationPromo failed with UkmEngineDisabled, message: 
1월 16, 2024 10:55:29.248 [5936:1600:0116/105529.247:ERROR:feature_processor_state.cc(40)] Processing error occured: model WebAppInstallationPromo failed with UkmEngineDisabled, message: 
1월 16, 2024 10:55:49.287 [5936:1600:0116/105549.287:ERROR:feature_processor_state.cc(40)] Processing error occured: model WebAppInstallationPromo failed with UkmEngineDisabled, message: 
1월 16, 2024 10:56:32.735 [5936:1600:0116/105632.735:ERROR:feature_processor_state.cc(40)] Processing error occured: model WebAppInstallationPromo failed with UkmEngineDisabled, message: 
1월 16, 2024 10:56:38.213 [5936:1600:0116/105638.213:ERROR:feature_processor_state.cc(40)] Processing error occured: model WebAppInstallationPromo failed with UkmEngineDisabled, message: 
1월 16, 2024 10:57:15.615 [5936:1600:0116/105715.615:ERROR:feature_processor_state.cc(40)] Processing error occured: model WebAppInstallationPromo failed with UkmEngineDisabled, message: 
1월 16, 2024 10:57:38.341 [5936:1600:0116/105738.341:ERROR:feature_processor_state.cc(40)] Processing error occured: model WebAppInstallationPromo failed with UkmEngineDisabled, message: 
1월 16, 2024 10:58:17.568 [5936:1600:0116/105817.567:ERROR:feature_processor_state.cc(40)] Processing error occured: model WebAppInstallationPromo failed with UkmEngineDisabled, message: 
1월 16, 2024 10:58:21.81 [5936:1600:0116/105821.081:ERROR:feature_processor_state.cc(40)] Processing error occured: model WebAppInstallationPromo failed with UkmEngineDisabled, message: 
1월 16, 2024 10:58:37.56 [5936:1600:0116/105837.055:ERROR:feature_processor_state.cc(40)] Processing error occured: model WebAppInstallationPromo failed with UkmEngineDisabled, message: 
1월 16, 2024 10:59:32.127 [5936:1600:0116/105932.127:ERROR:feature_processor_state.cc(40)] Processing error occured: model WebAppInstallationPromo failed with UkmEngineDisabled, message: 
1월 16, 2024 10:59:35.398 [5936:1600:0116/105935.398:ERROR:feature_processor_state.cc(40)] Processing error occured: model WebAppInstallationPromo failed with UkmEngineDisabled, message: 
1월 16, 2024 11:03:00.54 [5936:1600:0116/110300.054:ERROR:feature_processor_state.cc(40)] Processing error occured: model WebAppInstallationPromo failed with UkmEngineDisabled, message: 
1월 16, 2024 11:03:03.366 [5936:1600:0116/110303.366:ERROR:feature_processor_state.cc(40)] Processing error occured: model WebAppInstallationPromo failed with UkmEngineDisabled, message: 
1월 16, 2024 11:03:07.345 [5936:1600:0116/110307.344:ERROR:feature_processor_state.cc(40)] Processing error occured: model WebAppInstallationPromo failed with UkmEngineDisabled, message: 
1월 16, 2024 11:05:10.309 [5936:1600:0116/110510.309:ERROR:feature_processor_state.cc(40)] Processing error occured: model WebAppInstallationPromo failed with UkmEngineDisabled, message: 
1월 16, 2024 11:05:17.62 [5936:1600:0116/110517.062:ERROR:feature_processor_state.cc(40)] Processing error occured: model WebAppInstallationPromo failed with UkmEngineDisabled, message: 
1월 16, 2024 11:06:37.243 [5936:1600:0116/110637.243:ERROR:feature_processor_state.cc(40)] Processing error occured: model WebAppInstallationPromo failed with UkmEngineDisabled, message: 
1월 16, 2024 11:06:40.389 [5936:1600:0116/110640.389:ERROR:feature_processor_state.cc(40)] Processing error occured: model WebAppInstallationPromo failed with UkmEngineDisabled, message: 
1월 16, 2024 11:08:01.959 [5936:1600:0116/110801.959:ERROR:feature_processor_state.cc(40)] Processing error occured: model WebAppInstallationPromo failed with UkmEngineDisabled, message: 
1월 16, 2024 11:08:05.655 [5936:1600:0116/110805.655:ERROR:feature_processor_state.cc(40)] Processing error occured: model WebAppInstallationPromo failed with UkmEngineDisabled, message: 
1월 16, 2024 11:08:52.558 [5936:1600:0116/110852.558:ERROR:feature_processor_state.cc(40)] Processing error occured: model WebAppInstallationPromo failed with UkmEngineDisabled, message: 
1월 16, 2024 11:08:55.812 [5936:1600:0116/110855.812:ERROR:feature_processor_state.cc(40)] Processing error occured: model WebAppInstallationPromo failed with UkmEngineDisabled, message: 
1월 16, 2024 11:09:59.424 [5936:1600:0116/110959.423:ERROR:feature_processor_state.cc(40)] Processing error occured: model WebAppInstallationPromo failed with UkmEngineDisabled, message: 
1월 16, 2024 11:10:05.382 [5936:1600:0116/111005.381:ERROR:feature_processor_state.cc(40)] Processing error occured: model WebAppInstallationPromo failed with UkmEngineDisabled, message: 
1월 16, 2024 11:11:51.339 [5936:1600:0116/111151.339:ERROR:feature_processor_state.cc(40)] Processing error occured: model WebAppInstallationPromo failed with UkmEngineDisabled, message: 
1월 16, 2024 11:11:58.848 [5936:1600:0116/111158.848:ERROR:feature_processor_state.cc(40)] Processing error occured: model WebAppInstallationPromo failed with UkmEngineDisabled, message: 
1월 16, 2024 11:21:30.116 [5936:1600:0116/112130.116:ERROR:feature_processor_state.cc(40)] Processing error occured: model WebAppInstallationPromo failed with UkmEngineDisabled, message: 
1월 16, 2024 11:21:33.545 [5936:1600:0116/112133.544:ERROR:feature_processor_state.cc(40)] Processing error occured: model WebAppInstallationPromo failed with UkmEngineDisabled, message: 
1월 16, 2024 11:21:37.231 [5936:1600:0116/112137.231:ERROR:feature_processor_state.cc(40)] Processing error occured: model WebAppInstallationPromo failed with UkmEngineDisabled, message: 
1월 16, 2024 11:21:54.677 [5936:1600:0116/112154.677:ERROR:feature_processor_state.cc(40)] Processing error occured: model WebAppInstallationPromo failed with UkmEngineDisabled, message: 
1월 16, 2024 11:21:58.527 [5936:1600:0116/112158.527:ERROR:feature_processor_state.cc(40)] Processing error occured: model WebAppInstallationPromo failed with UkmEngineDisabled, message: 
1월 16, 2024 11:22:46.359 [5936:1600:0116/112246.359:ERROR:feature_processor_state.cc(40)] Processing error occured: model WebAppInstallationPromo failed with UkmEngineDisabled, message: 
1월 16, 2024 11:37:04.753 [5936:1600:0116/113704.752:ERROR:interface_endpoint_client.cc(702)] Message 5 rejected by interface blink.mojom.WidgetHost
1월 16, 2024 11:37:07.963 [5936:1600:0116/113707.963:ERROR:feature_processor_state.cc(40)] Processing error occured: model WebAppInstallationPromo failed with UkmEngineDisabled, message: 
1월 16, 2024 11:37:15.586 [5936:1600:0116/113715.586:ERROR:feature_processor_state.cc(40)] Processing error occured: model WebAppInstallationPromo failed with UkmEngineDisabled, message: 
1월 16, 2024 11:42:40.559 [5936:1600:0116/114240.558:ERROR:feature_processor_state.cc(40)] Processing error occured: model WebAppInstallationPromo failed with UkmEngineDisabled, message: 
1월 16, 2024 11:44:30.692 [5936:1600:0116/114430.692:ERROR:feature_processor_state.cc(40)] Processing error occured: model WebAppInstallationPromo failed with UkmEngineDisabled, message: 
1월 16, 2024 11:51:05.722 [5936:1600:0116/115105.722:ERROR:feature_processor_state.cc(40)] Processing error occured: model WebAppInstallationPromo failed with UkmEngineDisabled, message: 
1월 16, 2024 11:52:54.586 [5936:1600:0116/115254.586:ERROR:feature_processor_state.cc(40)] Processing error occured: model WebAppInstallationPromo failed with UkmEngineDisabled, message: 
1월 16, 2024 11:53:33.575 [5936:1600:0116/115333.574:ERROR:feature_processor_state.cc(40)] Processing error occured: model WebAppInstallationPromo failed with UkmEngineDisabled, message: 
1월 16, 2024 11:55:12.486 [5936:1600:0116/115512.486:ERROR:feature_processor_state.cc(40)] Processing error occured: model WebAppInstallationPromo failed with UkmEngineDisabled, message: 
1월 16, 2024 11:57:27.11 [5936:1600:0116/115727.011:ERROR:feature_processor_state.cc(40)] Processing error occured: model WebAppInstallationPromo failed with UkmEngineDisabled, message: 
1월 16, 2024 11:57:52.399 [5936:1600:0116/115752.399:ERROR:feature_processor_state.cc(40)] Processing error occured: model WebAppInstallationPromo failed with UkmEngineDisabled, message: 
1월 16, 2024 11:59:41.309 [5936:1600:0116/115941.309:ERROR:feature_processor_state.cc(40)] Processing error occured: model WebAppInstallationPromo failed with UkmEngineDisabled, message: 
1월 16, 2024 11:59:45.130 [5936:1600:0116/115945.130:ERROR:feature_processor_state.cc(40)] Processing error occured: model WebAppInstallationPromo failed with UkmEngineDisabled, message: 
1월 16, 2024 11:59:51.581 [5936:1600:0116/115951.581:ERROR:feature_processor_state.cc(40)] Processing error occured: model WebAppInstallationPromo failed with UkmEngineDisabled, message: 
1월 16, 2024 12:05:04.495 [5936:1600:0116/120504.495:ERROR:feature_processor_state.cc(40)] Processing error occured: model WebAppInstallationPromo failed with UkmEngineDisabled, message: 
1월 16, 2024 12:09:56.135 [5936:1600:0116/120956.135:ERROR:feature_processor_state.cc(40)] Processing error occured: model WebAppInstallationPromo failed with UkmEngineDisabled, message: 
1월 16, 2024 12:10:02.401 [5936:1600:0116/121002.401:ERROR:feature_processor_state.cc(40)] Processing error occured: model WebAppInstallationPromo failed with UkmEngineDisabled, message: 
1월 16, 2024 12:12:22.72 [5936:1600:0116/121222.072:ERROR:feature_processor_state.cc(40)] Processing error occured: model WebAppInstallationPromo failed with UkmEngineDisabled, message: 
1월 16, 2024 12:15:33.725 [5936:1600:0116/121533.725:ERROR:feature_processor_state.cc(40)] Processing error occured: model WebAppInstallationPromo failed with UkmEngineDisabled, message: 
1월 16, 2024 12:16:36.400 [5936:1600:0116/121636.400:ERROR:feature_processor_state.cc(40)] Processing error occured: model WebAppInstallationPromo failed with UkmEngineDisabled, message: 
1월 16, 2024 12:17:28.702 [5936:1600:0116/121728.702:ERROR:feature_processor_state.cc(40)] Processing error occured: model WebAppInstallationPromo failed with UkmEngineDisabled, message: 
1월 16, 2024 12:22:51.913 [5936:1600:0116/122251.913:ERROR:feature_processor_state.cc(40)] Processing error occured: model WebAppInstallationPromo failed with UkmEngineDisabled, message: 
1월 16, 2024 12:22:56.222 [5936:1600:0116/122256.222:ERROR:feature_processor_state.cc(40)] Processing error occured: model WebAppInstallationPromo failed with UkmEngineDisabled, message: 
1월 16, 2024 12:29:10.104 [5936:1600:0116/122910.104:ERROR:feature_processor_state.cc(40)] Processing error occured: model WebAppInstallationPromo failed with UkmEngineDisabled, message: 
1월 16, 2024 12:29:15.886 [5936:1600:0116/122915.886:ERROR:feature_processor_state.cc(40)] Processing error occured: model WebAppInstallationPromo failed with UkmEngineDisabled, message: 
1월 16, 2024 12:29:27.165 [5936:1600:0116/122927.165:ERROR:feature_processor_state.cc(40)] Processing error occured: model WebAppInstallationPromo failed with UkmEngineDisabled, message: 
1월 16, 2024 12:29:41.781 [5936:1600:0116/122941.781:ERROR:feature_processor_state.cc(40)] Processing error occured: model WebAppInstallationPromo failed with UkmEngineDisabled, message: 
1월 16, 2024 12:29:47.894 [5936:1600:0116/122947.893:ERROR:feature_processor_state.cc(40)] Processing error occured: model WebAppInstallationPromo failed with UkmEngineDisabled, message: 
1월 16, 2024 12:29:53.104 [5936:1600:0116/122953.104:ERROR:feature_processor_state.cc(40)] Processing error occured: model WebAppInstallationPromo failed with UkmEngineDisabled, message: 
1월 16, 2024 12:30:52.406 [5936:1600:0116/123052.405:ERROR:feature_processor_state.cc(40)] Processing error occured: model WebAppInstallationPromo failed with UkmEngineDisabled, message: 
1월 16, 2024 12:31:01.154 [5936:1600:0116/123101.154:ERROR:feature_processor_state.cc(40)] Processing error occured: model WebAppInstallationPromo failed with UkmEngineDisabled, message: 
1월 16, 2024 12:32:30.735 [5936:1600:0116/123230.735:ERROR:feature_processor_state.cc(40)] Processing error occured: model WebAppInstallationPromo failed with UkmEngineDisabled, message: 
1월 16, 2024 12:32:37.23 [5936:1600:0116/123237.023:ERROR:feature_processor_state.cc(40)] Processing error occured: model WebAppInstallationPromo failed with UkmEngineDisabled, message: 
1월 16, 2024 12:32:44.153 [5936:1600:0116/123244.153:ERROR:feature_processor_state.cc(40)] Processing error occured: model WebAppInstallationPromo failed with UkmEngineDisabled, message: 
1월 16, 2024 12:32:54.43 [5936:1600:0116/123254.043:ERROR:feature_processor_state.cc(40)] Processing error occured: model WebAppInstallationPromo failed with UkmEngineDisabled, message: 
1월 16, 2024 12:33:28.590 [5936:1600:0116/123328.589:ERROR:feature_processor_state.cc(40)] Processing error occured: model WebAppInstallationPromo failed with UkmEngineDisabled, message: 
1월 16, 2024 12:39:35.110 [5936:1600:0116/123935.109:ERROR:feature_processor_state.cc(40)] Processing error occured: model WebAppInstallationPromo failed with UkmEngineDisabled, message: 
1월 16, 2024 12:39:43.869 [5936:1600:0116/123943.869:ERROR:feature_processor_state.cc(40)] Processing error occured: model WebAppInstallationPromo failed with UkmEngineDisabled, message: 
1월 16, 2024 12:39:56.573 [5936:1600:0116/123956.573:ERROR:feature_processor_state.cc(40)] Processing error occured: model WebAppInstallationPromo failed with UkmEngineDisabled, message: 
1월 16, 2024 12:40:38.668 [5936:1600:0116/124038.667:ERROR:CONSOLE(0)] "ReferenceError: dragEvent is not defined", source:  (0)
1월 16, 2024 12:42:48.644 [5936:1600:0116/124248.644:ERROR:feature_processor_state.cc(40)] Processing error occured: model WebAppInstallationPromo failed with UkmEngineDisabled, message: 
1월 16, 2024 12:44:08.881 [5936:1600:0116/124408.881:ERROR:feature_processor_state.cc(40)] Processing error occured: model WebAppInstallationPromo failed with UkmEngineDisabled, message: 
1월 16, 2024 12:46:05.265 [5936:1600:0116/124605.265:ERROR:feature_processor_state.cc(40)] Processing error occured: model WebAppInstallationPromo failed with UkmEngineDisabled, message: 
1월 16, 2024 12:46:10.758 [5936:1600:0116/124610.758:ERROR:feature_processor_state.cc(40)] Processing error occured: model WebAppInstallationPromo failed with UkmEngineDisabled, message: 
1월 16, 2024 12:46:57.532 [5936:1600:0116/124657.532:ERROR:feature_processor_state.cc(40)] Processing error occured: model WebAppInstallationPromo failed with UkmEngineDisabled, message: 
1월 16, 2024 12:50:51.309 [5936:1600:0116/125051.309:ERROR:feature_processor_state.cc(40)] Processing error occured: model WebAppInstallationPromo failed with UkmEngineDisabled, message: 
1월 16, 2024 12:50:55.218 [5936:1600:0116/125055.218:ERROR:feature_processor_state.cc(40)] Processing error occured: model WebAppInstallationPromo failed with UkmEngineDisabled, message: 
1월 16, 2024 12:51:02.978 [5936:1600:0116/125102.978:ERROR:feature_processor_state.cc(40)] Processing error occured: model WebAppInstallationPromo failed with UkmEngineDisabled, message: 
1월 16, 2024 12:51:28.305 [5936:1600:0116/125128.305:ERROR:feature_processor_state.cc(40)] Processing error occured: model WebAppInstallationPromo failed with UkmEngineDisabled, message: 
1월 16, 2024 12:51:34.501 [5936:1600:0116/125134.501:ERROR:feature_processor_state.cc(40)] Processing error occured: model WebAppInstallationPromo failed with UkmEngineDisabled, message: 
1월 16, 2024 13:07:31.610 [5936:1600:0116/130731.609:ERROR:interface_endpoint_client.cc(702)] Message 1 rejected by interface blink.mojom.WidgetHost
1월 16, 2024 13:13:49.601 [5936:1600:0116/131349.600:ERROR:interface_endpoint_client.cc(702)] Message 1 rejected by interface blink.mojom.WidgetHost
1월 16, 2024 13:14:09.590 [5936:1600:0116/131409.590:ERROR:device_event_log_impl.cc(192)] [13:14:09.590] Bluetooth: bluetooth_adapter_winrt.cc:1058 Getting Default Adapter failed.
1월 16, 2024 14:16:21.165 [5936:1600:0116/141621.165:ERROR:feature_processor_state.cc(40)] Processing error occured: model WebAppInstallationPromo failed with UkmEngineDisabled, message: 
1월 16, 2024 14:16:42.179 [5936:1600:0116/141642.179:ERROR:feature_processor_state.cc(40)] Processing error occured: model WebAppInstallationPromo failed with UkmEngineDisabled, message: 
1월 16, 2024 14:16:47.230 [5936:1600:0116/141647.229:ERROR:feature_processor_state.cc(40)] Processing error occured: model WebAppInstallationPromo failed with UkmEngineDisabled, message: 
1월 16, 2024 14:24:50.342 [5936:1600:0116/142450.342:ERROR:feature_processor_state.cc(40)] Processing error occured: model WebAppInstallationPromo failed with UkmEngineDisabled, message: 
1월 16, 2024 14:32:37.180 [5936:1600:0116/143237.180:ERROR:feature_processor_state.cc(40)] Processing error occured: model WebAppInstallationPromo failed with UkmEngineDisabled, message: 
1월 16, 2024 14:34:47.896 [5936:1600:0116/143447.896:ERROR:feature_processor_state.cc(40)] Processing error occured: model WebAppInstallationPromo failed with UkmEngineDisabled, message: 
1월 16, 2024 14:35:01.421 [5936:1600:0116/143501.421:ERROR:feature_processor_state.cc(40)] Processing error occured: model WebAppInstallationPromo failed with UkmEngineDisabled, message: 
1월 16, 2024 14:37:11.235 [5936:1600:0116/143711.235:ERROR:feature_processor_state.cc(40)] Processing error occured: model WebAppInstallationPromo failed with UkmEngineDisabled, message: 
1월 16, 2024 14:37:24.971 [5936:1600:0116/143724.971:ERROR:feature_processor_state.cc(40)] Processing error occured: model WebAppInstallationPromo failed with UkmEngineDisabled, message: 
1월 16, 2024 14:37:53.99 [5936:1600:0116/143753.099:ERROR:feature_processor_state.cc(40)] Processing error occured: model WebAppInstallationPromo failed with UkmEngineDisabled, message: 
1월 16, 2024 14:38:06.810 [5936:1600:0116/143806.810:ERROR:feature_processor_state.cc(40)] Processing error occured: model WebAppInstallationPromo failed with UkmEngineDisabled, message: 
1월 16, 2024 14:41:59.862 [5936:1600:0116/144159.862:ERROR:feature_processor_state.cc(40)] Processing error occured: model WebAppInstallationPromo failed with UkmEngineDisabled, message: 
1월 16, 2024 14:42:55.27 [5936:1600:0116/144255.027:ERROR:feature_processor_state.cc(40)] Processing error occured: model WebAppInstallationPromo failed with UkmEngineDisabled, message: 
1월 16, 2024 14:44:22.186 [5936:1600:0116/144422.186:ERROR:feature_processor_state.cc(40)] Processing error occured: model WebAppInstallationPromo failed with UkmEngineDisabled, message: 
1월 16, 2024 14:44:58.39 [5936:1600:0116/144458.039:ERROR:feature_processor_state.cc(40)] Processing error occured: model WebAppInstallationPromo failed with UkmEngineDisabled, message: 
1월 16, 2024 14:48:33.513 [5936:1600:0116/144833.513:ERROR:feature_processor_state.cc(40)] Processing error occured: model WebAppInstallationPromo failed with UkmEngineDisabled, message: 
1월 16, 2024 14:49:29.330 [5936:1600:0116/144929.330:ERROR:feature_processor_state.cc(40)] Processing error occured: model WebAppInstallationPromo failed with UkmEngineDisabled, message: 
1월 16, 2024 14:50:17.951 [5936:1600:0116/145017.951:ERROR:feature_processor_state.cc(40)] Processing error occured: model WebAppInstallationPromo failed with UkmEngineDisabled, message: 
1월 16, 2024 14:50:33.147 [5936:1600:0116/145033.146:ERROR:feature_processor_state.cc(40)] Processing error occured: model WebAppInstallationPromo failed with UkmEngineDisabled, message: 
1월 16, 2024 14:50:38.408 [5936:1600:0116/145038.408:ERROR:feature_processor_state.cc(40)] Processing error occured: model WebAppInstallationPromo failed with UkmEngineDisabled, message: 
1월 16, 2024 14:52:53.334 [5936:1600:0116/145253.334:ERROR:feature_processor_state.cc(40)] Processing error occured: model WebAppInstallationPromo failed with UkmEngineDisabled, message: 
1월 16, 2024 14:52:59.71 [5936:1600:0116/145259.071:ERROR:feature_processor_state.cc(40)] Processing error occured: model WebAppInstallationPromo failed with UkmEngineDisabled, message: 
1월 16, 2024 15:02:39.803 [5936:1600:0116/150239.803:ERROR:feature_processor_state.cc(40)] Processing error occured: model WebAppInstallationPromo failed with UkmEngineDisabled, message: 
1월 16, 2024 15:02:45.226 [5936:1600:0116/150245.226:ERROR:feature_processor_state.cc(40)] Processing error occured: model WebAppInstallationPromo failed with UkmEngineDisabled, message: 
1월 16, 2024 15:03:53.663 [5936:1600:0116/150353.663:ERROR:feature_processor_state.cc(40)] Processing error occured: model WebAppInstallationPromo failed with UkmEngineDisabled, message: 
1월 16, 2024 16:11:48.444 [5936:1600:0116/161148.444:ERROR:feature_processor_state.cc(40)] Processing error occured: model WebAppInstallationPromo failed with UkmEngineDisabled, message: 
1월 16, 2024 16:11:52.713 [5936:1600:0116/161152.712:ERROR:feature_processor_state.cc(40)] Processing error occured: model WebAppInstallationPromo failed with UkmEngineDisabled, message: 
1월 16, 2024 16:12:02.822 [5936:1600:0116/161202.822:ERROR:feature_processor_state.cc(40)] Processing error occured: model WebAppInstallationPromo failed with UkmEngineDisabled, message: 
1월 16, 2024 16:12:11.955 [5936:1600:0116/161211.955:ERROR:feature_processor_state.cc(40)] Processing error occured: model WebAppInstallationPromo failed with UkmEngineDisabled, message: 
1월 16, 2024 16:13:57.235 [5936:1600:0116/161357.235:ERROR:feature_processor_state.cc(40)] Processing error occured: model WebAppInstallationPromo failed with UkmEngineDisabled, message: 
1월 16, 2024 16:14:04.646 [5936:1600:0116/161404.646:ERROR:feature_processor_state.cc(40)] Processing error occured: model WebAppInstallationPromo failed with UkmEngineDisabled, message: 
1월 16, 2024 16:14:19.714 [5936:1600:0116/161419.714:ERROR:feature_processor_state.cc(40)] Processing error occured: model WebAppInstallationPromo failed with UkmEngineDisabled, message: 
1월 16, 2024 16:15:10.566 [5936:1600:0116/161510.566:ERROR:feature_processor_state.cc(40)] Processing error occured: model WebAppInstallationPromo failed with UkmEngineDisabled, message: 
1월 16, 2024 16:15:15.689 [5936:1600:0116/161515.688:ERROR:feature_processor_state.cc(40)] Processing error occured: model WebAppInstallationPromo failed with UkmEngineDisabled, message: 
1월 16, 2024 16:15:23.356 [5936:1600:0116/161523.356:ERROR:feature_processor_state.cc(40)] Processing error occured: model WebAppInstallationPromo failed with UkmEngineDisabled, message: 
1월 16, 2024 16:15:32.282 [5936:1600:0116/161532.282:ERROR:feature_processor_state.cc(40)] Processing error occured: model WebAppInstallationPromo failed with UkmEngineDisabled, message: 
1월 16, 2024 16:16:15.473 [5936:1600:0116/161615.472:ERROR:feature_processor_state.cc(40)] Processing error occured: model WebAppInstallationPromo failed with UkmEngineDisabled, message: 
1월 16, 2024 16:16:20.519 [5936:1600:0116/161620.519:ERROR:feature_processor_state.cc(40)] Processing error occured: model WebAppInstallationPromo failed with UkmEngineDisabled, message: 
1월 16, 2024 16:16:40.243 [5936:1600:0116/161640.243:ERROR:feature_processor_state.cc(40)] Processing error occured: model WebAppInstallationPromo failed with UkmEngineDisabled, message: 
1월 16, 2024 16:28:58.350 [5936:1600:0116/162858.350:ERROR:feature_processor_state.cc(40)] Processing error occured: model WebAppInstallationPromo failed with UkmEngineDisabled, message: 
1월 16, 2024 16:29:01.752 [5936:1600:0116/162901.751:ERROR:feature_processor_state.cc(40)] Processing error occured: model WebAppInstallationPromo failed with UkmEngineDisabled, message: 
1월 16, 2024 16:29:07.293 [5936:1600:0116/162907.293:ERROR:feature_processor_state.cc(40)] Processing error occured: model WebAppInstallationPromo failed with UkmEngineDisabled, message: 
1월 16, 2024 16:29:28.614 [5936:1600:0116/162928.614:ERROR:feature_processor_state.cc(40)] Processing error occured: model WebAppInstallationPromo failed with UkmEngineDisabled, message: 
1월 16, 2024 16:30:04.279 [5936:1600:0116/163004.278:ERROR:feature_processor_state.cc(40)] Processing error occured: model WebAppInstallationPromo failed with UkmEngineDisabled, message: 
1월 16, 2024 16:30:25.433 [5936:1600:0116/163025.433:ERROR:feature_processor_state.cc(40)] Processing error occured: model WebAppInstallationPromo failed with UkmEngineDisabled, message: 
1월 16, 2024 16:39:19.429 [5936:1600:0116/163919.429:ERROR:feature_processor_state.cc(40)] Processing error occured: model WebAppInstallationPromo failed with UkmEngineDisabled, message: 
1월 16, 2024 16:39:23.292 [5936:1600:0116/163923.292:ERROR:feature_processor_state.cc(40)] Processing error occured: model WebAppInstallationPromo failed with UkmEngineDisabled, message: 
1월 16, 2024 16:39:33.480 [5936:1600:0116/163933.480:ERROR:feature_processor_state.cc(40)] Processing error occured: model WebAppInstallationPromo failed with UkmEngineDisabled, message: 
1월 16, 2024 16:39:43.464 [5936:1600:0116/163943.464:ERROR:feature_processor_state.cc(40)] Processing error occured: model WebAppInstallationPromo failed with UkmEngineDisabled, message: 
1월 16, 2024 16:41:31.756 [5936:1600:0116/164131.756:ERROR:feature_processor_state.cc(40)] Processing error occured: model WebAppInstallationPromo failed with UkmEngineDisabled, message: 
1월 16, 2024 16:41:37.784 [5936:1600:0116/164137.784:ERROR:feature_processor_state.cc(40)] Processing error occured: model WebAppInstallationPromo failed with UkmEngineDisabled, message: 
1월 16, 2024 16:42:02.441 [5936:1600:0116/164202.441:ERROR:feature_processor_state.cc(40)] Processing error occured: model WebAppInstallationPromo failed with UkmEngineDisabled, message: 
1월 16, 2024 16:48:08.525 [5936:1600:0116/164808.525:ERROR:feature_processor_state.cc(40)] Processing error occured: model WebAppInstallationPromo failed with UkmEngineDisabled, message: 
1월 16, 2024 16:48:14.357 [5936:1600:0116/164814.357:ERROR:feature_processor_state.cc(40)] Processing error occured: model WebAppInstallationPromo failed with UkmEngineDisabled, message: 
1월 16, 2024 16:48:21.214 [5936:1600:0116/164821.214:ERROR:feature_processor_state.cc(40)] Processing error occured: model WebAppInstallationPromo failed with UkmEngineDisabled, message: 
1월 16, 2024 16:52:44.710 [5936:1600:0116/165244.709:ERROR:feature_processor_state.cc(40)] Processing error occured: model WebAppInstallationPromo failed with UkmEngineDisabled, message: 
1월 16, 2024 16:52:48.333 [5936:1600:0116/165248.332:ERROR:feature_processor_state.cc(40)] Processing error occured: model WebAppInstallationPromo failed with UkmEngineDisabled, message: 
1월 16, 2024 16:53:01.97 [5936:1600:0116/165301.097:ERROR:feature_processor_state.cc(40)] Processing error occured: model WebAppInstallationPromo failed with UkmEngineDisabled, message: 
1월 16, 2024 16:53:07.846 [5936:1600:0116/165307.846:ERROR:feature_processor_state.cc(40)] Processing error occured: model WebAppInstallationPromo failed with UkmEngineDisabled, message: 
1월 16, 2024 16:56:19.266 [5936:1600:0116/165619.266:ERROR:feature_processor_state.cc(40)] Processing error occured: model WebAppInstallationPromo failed with UkmEngineDisabled, message: 
1월 16, 2024 16:56:26.177 [5936:1600:0116/165626.177:ERROR:feature_processor_state.cc(40)] Processing error occured: model WebAppInstallationPromo failed with UkmEngineDisabled, message: 
1월 16, 2024 16:56:30.162 [5936:1600:0116/165630.162:ERROR:feature_processor_state.cc(40)] Processing error occured: model WebAppInstallationPromo failed with UkmEngineDisabled, message: 
1월 16, 2024 17:02:57.563 [5936:1600:0116/170257.563:ERROR:feature_processor_state.cc(40)] Processing error occured: model WebAppInstallationPromo failed with UkmEngineDisabled, message: 
1월 16, 2024 17:03:01.282 [5936:1600:0116/170301.282:ERROR:feature_processor_state.cc(40)] Processing error occured: model WebAppInstallationPromo failed with UkmEngineDisabled, message: 
1월 16, 2024 17:03:11.347 [5936:1600:0116/170311.347:ERROR:feature_processor_state.cc(40)] Processing error occured: model WebAppInstallationPromo failed with UkmEngineDisabled, message: 
1월 16, 2024 17:03:14.799 [5936:1600:0116/170314.799:ERROR:feature_processor_state.cc(40)] Processing error occured: model WebAppInstallationPromo failed with UkmEngineDisabled, message: 
1월 16, 2024 17:03:48.786 [5936:1600:0116/170348.786:ERROR:feature_processor_state.cc(40)] Processing error occured: model WebAppInstallationPromo failed with UkmEngineDisabled, message: 
1월 16, 2024 17:03:55.998 [5936:1600:0116/170355.998:ERROR:feature_processor_state.cc(40)] Processing error occured: model WebAppInstallationPromo failed with UkmEngineDisabled, message: 
1월 16, 2024 17:04:01.789 [5936:1600:0116/170401.789:ERROR:feature_processor_state.cc(40)] Processing error occured: model WebAppInstallationPromo failed with UkmEngineDisabled, message: 
1월 16, 2024 17:16:27.134 [5936:1600:0116/171627.134:ERROR:feature_processor_state.cc(40)] Processing error occured: model WebAppInstallationPromo failed with UkmEngineDisabled, message: 
1월 16, 2024 17:16:30.424 [5936:1600:0116/171630.423:ERROR:feature_processor_state.cc(40)] Processing error occured: model WebAppInstallationPromo failed with UkmEngineDisabled, message: 
1월 16, 2024 17:16:35.277 [5936:1600:0116/171635.277:ERROR:feature_processor_state.cc(40)] Processing error occured: model WebAppInstallationPromo failed with UkmEngineDisabled, message: 
1월 16, 2024 17:19:28.886 [5936:1600:0116/171928.886:ERROR:feature_processor_state.cc(40)] Processing error occured: model WebAppInstallationPromo failed with UkmEngineDisabled, message: 
1월 16, 2024 17:19:44.853 [5936:1600:0116/171944.853:ERROR:feature_processor_state.cc(40)] Processing error occured: model WebAppInstallationPromo failed with UkmEngineDisabled, message: 
1월 16, 2024 17:19:53.174 [5936:1600:0116/171953.174:ERROR:feature_processor_state.cc(40)] Processing error occured: model WebAppInstallationPromo failed with UkmEngineDisabled, message: 
1월 16, 2024 17:22:02.851 [5936:1600:0116/172202.851:ERROR:feature_processor_state.cc(40)] Processing error occured: model WebAppInstallationPromo failed with UkmEngineDisabled, message: 
1월 16, 2024 17:22:07.704 [5936:1600:0116/172207.703:ERROR:feature_processor_state.cc(40)] Processing error occured: model WebAppInstallationPromo failed with UkmEngineDisabled, message: 
1월 16, 2024 17:22:13.635 [5936:1600:0116/172213.635:ERROR:feature_processor_state.cc(40)] Processing error occured: model WebAppInstallationPromo failed with UkmEngineDisabled, message: 
1월 16, 2024 17:22:17.257 [5936:1600:0116/172217.257:ERROR:feature_processor_state.cc(40)] Processing error occured: model WebAppInstallationPromo failed with UkmEngineDisabled, message: 
1월 16, 2024 17:24:54.775 [5936:1600:0116/172454.775:ERROR:feature_processor_state.cc(40)] Processing error occured: model WebAppInstallationPromo failed with UkmEngineDisabled, message: 
1월 16, 2024 17:25:00.438 [5936:1600:0116/172500.437:ERROR:feature_processor_state.cc(40)] Processing error occured: model WebAppInstallationPromo failed with UkmEngineDisabled, message: 
1월 16, 2024 17:25:05.679 [5936:1600:0116/172505.679:ERROR:feature_processor_state.cc(40)] Processing error occured: model WebAppInstallationPromo failed with UkmEngineDisabled, message: 
1월 16, 2024 17:27:25.59 [5936:1600:0116/172725.059:ERROR:feature_processor_state.cc(40)] Processing error occured: model WebAppInstallationPromo failed with UkmEngineDisabled, message: 
1월 16, 2024 17:27:29.884 [5936:1600:0116/172729.884:ERROR:feature_processor_state.cc(40)] Processing error occured: model WebAppInstallationPromo failed with UkmEngineDisabled, message: 
1월 16, 2024 17:27:33.524 [5936:1600:0116/172733.524:ERROR:feature_processor_state.cc(40)] Processing error occured: model WebAppInstallationPromo failed with UkmEngineDisabled, message: 
1월 16, 2024 17:28:08.938 [5936:1600:0116/172808.938:ERROR:feature_processor_state.cc(40)] Processing error occured: model WebAppInstallationPromo failed with UkmEngineDisabled, message: 
1월 16, 2024 17:28:13.759 [5936:1600:0116/172813.759:ERROR:feature_processor_state.cc(40)] Processing error occured: model WebAppInstallationPromo failed with UkmEngineDisabled, message: 
1월 16, 2024 17:28:18.771 [5936:1600:0116/172818.771:ERROR:feature_processor_state.cc(40)] Processing error occured: model WebAppInstallationPromo failed with UkmEngineDisabled, message: 
1월 16, 2024 17:32:40.78 [5936:1600:0116/173240.078:ERROR:feature_processor_state.cc(40)] Processing error occured: model WebAppInstallationPromo failed with UkmEngineDisabled, message: 
1월 16, 2024 17:32:45.631 [5936:1600:0116/173245.631:ERROR:feature_processor_state.cc(40)] Processing error occured: model WebAppInstallationPromo failed with UkmEngineDisabled, message: 
1월 16, 2024 17:32:51.158 [5936:1600:0116/173251.158:ERROR:feature_processor_state.cc(40)] Processing error occured: model WebAppInstallationPromo failed with UkmEngineDisabled, message: 
1월 16, 2024 17:32:54.846 [5936:1600:0116/173254.846:ERROR:feature_processor_state.cc(40)] Processing error occured: model WebAppInstallationPromo failed with UkmEngineDisabled, message: 
1월 16, 2024 17:36:42.603 [5936:1600:0116/173642.603:ERROR:feature_processor_state.cc(40)] Processing error occured: model WebAppInstallationPromo failed with UkmEngineDisabled, message: 
1월 16, 2024 17:36:46.352 [5936:1600:0116/173646.352:ERROR:feature_processor_state.cc(40)] Processing error occured: model WebAppInstallationPromo failed with UkmEngineDisabled, message: 
1월 16, 2024 17:36:52.97 [5936:1600:0116/173652.097:ERROR:feature_processor_state.cc(40)] Processing error occured: model WebAppInstallationPromo failed with UkmEngineDisabled, message: 
1월 16, 2024 17:36:56.753 [5936:1600:0116/173656.753:ERROR:feature_processor_state.cc(40)] Processing error occured: model WebAppInstallationPromo failed with UkmEngineDisabled, message: 
1월 16, 2024 17:42:59.39 [5936:1600:0116/174259.039:ERROR:feature_processor_state.cc(40)] Processing error occured: model WebAppInstallationPromo failed with UkmEngineDisabled, message: 
1월 16, 2024 17:43:02.726 [5936:1600:0116/174302.726:ERROR:feature_processor_state.cc(40)] Processing error occured: model WebAppInstallationPromo failed with UkmEngineDisabled, message: 
1월 16, 2024 17:44:13.891 [5936:1600:0116/174413.891:ERROR:feature_processor_state.cc(40)] Processing error occured: model WebAppInstallationPromo failed with UkmEngineDisabled, message: 
1월 16, 2024 17:44:24.860 [5936:1600:0116/174424.860:ERROR:feature_processor_state.cc(40)] Processing error occured: model WebAppInstallationPromo failed with UkmEngineDisabled, message: 
1월 16, 2024 17:44:30.63 [5936:1600:0116/174430.063:ERROR:feature_processor_state.cc(40)] Processing error occured: model WebAppInstallationPromo failed with UkmEngineDisabled, message: 
1월 16, 2024 17:44:37.671 [5936:1600:0116/174437.671:ERROR:feature_processor_state.cc(40)] Processing error occured: model WebAppInstallationPromo failed with UkmEngineDisabled, message: 
1월 16, 2024 17:47:27.307 [5936:1600:0116/174727.306:ERROR:feature_processor_state.cc(40)] Processing error occured: model WebAppInstallationPromo failed with UkmEngineDisabled, message: 
1월 16, 2024 17:47:41.635 [5936:1600:0116/174741.635:ERROR:feature_processor_state.cc(40)] Processing error occured: model WebAppInstallationPromo failed with UkmEngineDisabled, message: 
1월 16, 2024 17:47:46.440 [5936:1600:0116/174746.440:ERROR:feature_processor_state.cc(40)] Processing error occured: model WebAppInstallationPromo failed with UkmEngineDisabled, message: 
1월 16, 2024 17:49:57.555 [5936:1600:0116/174957.555:ERROR:feature_processor_state.cc(40)] Processing error occured: model WebAppInstallationPromo failed with UkmEngineDisabled, message: 
1월 16, 2024 17:50:01.55 [5936:1600:0116/175001.055:ERROR:feature_processor_state.cc(40)] Processing error occured: model WebAppInstallationPromo failed with UkmEngineDisabled, message: 
1월 16, 2024 17:50:06.189 [5936:1600:0116/175006.189:ERROR:feature_processor_state.cc(40)] Processing error occured: model WebAppInstallationPromo failed with UkmEngineDisabled, message: 
1월 16, 2024 17:50:10.76 [5936:1600:0116/175010.076:ERROR:feature_processor_state.cc(40)] Processing error occured: model WebAppInstallationPromo failed with UkmEngineDisabled, message: 
1월 16, 2024 17:53:00.349 [5936:1600:0116/175300.349:ERROR:feature_processor_state.cc(40)] Processing error occured: model WebAppInstallationPromo failed with UkmEngineDisabled, message: 
1월 16, 2024 17:53:03.805 [5936:1600:0116/175303.804:ERROR:feature_processor_state.cc(40)] Processing error occured: model WebAppInstallationPromo failed with UkmEngineDisabled, message: 
1월 16, 2024 17:53:08.866 [5936:1600:0116/175308.865:ERROR:feature_processor_state.cc(40)] Processing error occured: model WebAppInstallationPromo failed with UkmEngineDisabled, message: 
1월 16, 2024 17:53:12.392 [5936:1600:0116/175312.391:ERROR:feature_processor_state.cc(40)] Processing error occured: model WebAppInstallationPromo failed with UkmEngineDisabled, message: 
1월 16, 2024 17:55:16.378 [5936:1600:0116/175516.378:ERROR:feature_processor_state.cc(40)] Processing error occured: model WebAppInstallationPromo failed with UkmEngineDisabled, message: 
1월 16, 2024 17:55:20.788 [5936:1600:0116/175520.788:ERROR:feature_processor_state.cc(40)] Processing error occured: model WebAppInstallationPromo failed with UkmEngineDisabled, message: 
1월 16, 2024 17:55:25.850 [5936:1600:0116/175525.850:ERROR:feature_processor_state.cc(40)] Processing error occured: model WebAppInstallationPromo failed with UkmEngineDisabled, message: 
1월 16, 2024 17:59:56.161 [5936:1600:0116/175956.160:ERROR:feature_processor_state.cc(40)] Processing error occured: model WebAppInstallationPromo failed with UkmEngineDisabled, message: 
1월 16, 2024 18:00:01.89 [5936:1600:0116/180001.089:ERROR:feature_processor_state.cc(40)] Processing error occured: model WebAppInstallationPromo failed with UkmEngineDisabled, message: 
1월 16, 2024 18:00:05.639 [5936:1600:0116/180005.638:ERROR:feature_processor_state.cc(40)] Processing error occured: model WebAppInstallationPromo failed with UkmEngineDisabled, message: 
1월 16, 2024 18:00:13.990 [5936:1600:0116/180013.990:ERROR:feature_processor_state.cc(40)] Processing error occured: model WebAppInstallationPromo failed with UkmEngineDisabled, message: 
1월 16, 2024 18:00:25.201 [5936:1600:0116/180025.201:ERROR:feature_processor_state.cc(40)] Processing error occured: model WebAppInstallationPromo failed with UkmEngineDisabled, message: 
1월 16, 2024 18:02:21.45 [5936:1600:0116/180221.045:ERROR:feature_processor_state.cc(40)] Processing error occured: model WebAppInstallationPromo failed with UkmEngineDisabled, message: 
1월 16, 2024 18:11:34.812 [5936:1600:0116/181134.812:ERROR:feature_processor_state.cc(40)] Processing error occured: model WebAppInstallationPromo failed with UkmEngineDisabled, message: 
1월 16, 2024 18:11:41.388 [5936:1600:0116/181141.388:ERROR:feature_processor_state.cc(40)] Processing error occured: model WebAppInstallationPromo failed with UkmEngineDisabled, message: 
1월 16, 2024 18:11:47.612 [5936:1600:0116/181147.612:ERROR:feature_processor_state.cc(40)] Processing error occured: model WebAppInstallationPromo failed with UkmEngineDisabled, message: 
1월 16, 2024 18:14:31.21 [5936:1600:0116/181431.021:ERROR:feature_processor_state.cc(40)] Processing error occured: model WebAppInstallationPromo failed with UkmEngineDisabled, message: 
1월 16, 2024 18:14:38.65 [5936:1600:0116/181438.065:ERROR:feature_processor_state.cc(40)] Processing error occured: model WebAppInstallationPromo failed with UkmEngineDisabled, message: 
1월 16, 2024 18:14:45.44 [5936:1600:0116/181445.044:ERROR:feature_processor_state.cc(40)] Processing error occured: model WebAppInstallationPromo failed with UkmEngineDisabled, message: 
1월 16, 2024 18:18:02.333 [5936:1600:0116/181802.333:ERROR:feature_processor_state.cc(40)] Processing error occured: model WebAppInstallationPromo failed with UkmEngineDisabled, message: 
1월 16, 2024 18:18:05.702 [5936:1600:0116/181805.702:ERROR:feature_processor_state.cc(40)] Processing error occured: model WebAppInstallationPromo failed with UkmEngineDisabled, message: 
1월 16, 2024 18:18:10.110 [5936:1600:0116/181810.110:ERROR:feature_processor_state.cc(40)] Processing error occured: model WebAppInstallationPromo failed with UkmEngineDisabled, message: 
1월 16, 2024 18:18:13.670 [5936:1600:0116/181813.670:ERROR:feature_processor_state.cc(40)] Processing error occured: model WebAppInstallationPromo failed with UkmEngineDisabled, message: 
1월 16, 2024 18:43:34.512 [5936:1600:0116/184334.512:ERROR:feature_processor_state.cc(40)] Processing error occured: model WebAppInstallationPromo failed with UkmEngineDisabled, message: 
1월 16, 2024 18:43:39.44 [5936:1600:0116/184339.044:ERROR:feature_processor_state.cc(40)] Processing error occured: model WebAppInstallationPromo failed with UkmEngineDisabled, message: 
1월 16, 2024 18:43:42.971 [5936:1600:0116/184342.971:ERROR:feature_processor_state.cc(40)] Processing error occured: model WebAppInstallationPromo failed with UkmEngineDisabled, message: 
1월 16, 2024 18:44:38.420 [5936:1600:0116/184438.418:ERROR:feature_processor_state.cc(40)] Processing error occured: model WebAppInstallationPromo failed with UkmEngineDisabled, message: 
1월 16, 2024 18:44:41.836 [5936:1600:0116/184441.835:ERROR:feature_processor_state.cc(40)] Processing error occured: model WebAppInstallationPromo failed with UkmEngineDisabled, message: 
1월 16, 2024 18:44:47.690 [5936:1600:0116/184447.690:ERROR:feature_processor_state.cc(40)] Processing error occured: model WebAppInstallationPromo failed with UkmEngineDisabled, message: 
1월 16, 2024 18:44:52.260 [5936:1600:0116/184452.260:ERROR:feature_processor_state.cc(40)] Processing error occured: model WebAppInstallationPromo failed with UkmEngineDisabled, message: 
1월 16, 2024 18:48:15.935 [5936:1600:0116/184815.934:ERROR:feature_processor_state.cc(40)] Processing error occured: model WebAppInstallationPromo failed with UkmEngineDisabled, message: 
1월 16, 2024 18:48:19.358 [5936:1600:0116/184819.357:ERROR:feature_processor_state.cc(40)] Processing error occured: model WebAppInstallationPromo failed with UkmEngineDisabled, message: 
1월 16, 2024 18:48:23.597 [5936:1600:0116/184823.597:ERROR:feature_processor_state.cc(40)] Processing error occured: model WebAppInstallationPromo failed with UkmEngineDisabled, message: 
1월 16, 2024 18:48:28.435 [5936:1600:0116/184828.434:ERROR:feature_processor_state.cc(40)] Processing error occured: model WebAppInstallationPromo failed with UkmEngineDisabled, message: 
1월 16, 2024 18:51:29.167 [5936:1600:0116/185129.166:ERROR:feature_processor_state.cc(40)] Processing error occured: model WebAppInstallationPromo failed with UkmEngineDisabled, message: 
1월 16, 2024 18:51:33.915 [5936:1600:0116/185133.915:ERROR:feature_processor_state.cc(40)] Processing error occured: model WebAppInstallationPromo failed with UkmEngineDisabled, message: 
1월 16, 2024 18:51:39.439 [5936:1600:0116/185139.439:ERROR:feature_processor_state.cc(40)] Processing error occured: model WebAppInstallationPromo failed with UkmEngineDisabled, message: 
1월 16, 2024 18:59:36.581 [5936:1600:0116/185936.580:ERROR:feature_processor_state.cc(40)] Processing error occured: model WebAppInstallationPromo failed with UkmEngineDisabled, message: 
1월 16, 2024 18:59:40.228 [5936:1600:0116/185940.228:ERROR:feature_processor_state.cc(40)] Processing error occured: model WebAppInstallationPromo failed with UkmEngineDisabled, message: 
1월 16, 2024 19:15:54.908 [5936:1600:0116/191554.908:ERROR:feature_processor_state.cc(40)] Processing error occured: model WebAppInstallationPromo failed with UkmEngineDisabled, message: 
1월 16, 2024 19:15:59.560 [5936:1600:0116/191559.560:ERROR:feature_processor_state.cc(40)] Processing error occured: model WebAppInstallationPromo failed with UkmEngineDisabled, message: 
1월 16, 2024 19:17:32.696 [5936:1600:0116/191732.696:ERROR:feature_processor_state.cc(40)] Processing error occured: model WebAppInstallationPromo failed with UkmEngineDisabled, message: 
1월 16, 2024 19:17:38.85 [5936:1600:0116/191738.085:ERROR:feature_processor_state.cc(40)] Processing error occured: model WebAppInstallationPromo failed with UkmEngineDisabled, message: 
1월 16, 2024 19:17:41.841 [5936:1600:0116/191741.841:ERROR:feature_processor_state.cc(40)] Processing error occured: model WebAppInstallationPromo failed with UkmEngineDisabled, message: 
1월 16, 2024 19:21:48.163 [5936:1600:0116/192148.163:ERROR:feature_processor_state.cc(40)] Processing error occured: model WebAppInstallationPromo failed with UkmEngineDisabled, message: 
1월 16, 2024 19:21:52.637 [5936:1600:0116/192152.636:ERROR:feature_processor_state.cc(40)] Processing error occured: model WebAppInstallationPromo failed with UkmEngineDisabled, message: 
1월 16, 2024 19:21:56.197 [5936:1600:0116/192156.197:ERROR:feature_processor_state.cc(40)] Processing error occured: model WebAppInstallationPromo failed with UkmEngineDisabled, message: 
1월 16, 2024 19:22:51.405 [5936:1600:0116/192251.405:ERROR:feature_processor_state.cc(40)] Processing error occured: model WebAppInstallationPromo failed with UkmEngineDisabled, message: 
1월 16, 2024 19:22:57.603 [5936:1600:0116/192257.603:ERROR:feature_processor_state.cc(40)] Processing error occured: model WebAppInstallationPromo failed with UkmEngineDisabled, message: 
1월 16, 2024 19:23:01.344 [5936:1600:0116/192301.344:ERROR:feature_processor_state.cc(40)] Processing error occured: model WebAppInstallationPromo failed with UkmEngineDisabled, message: 
1월 16, 2024 19:23:23.866 [5936:1600:0116/192323.865:ERROR:interface_endpoint_client.cc(702)] Message 1 rejected by interface blink.mojom.WidgetHost
1월 16, 2024 19:23:27.757 [5936:1600:0116/192327.757:ERROR:feature_processor_state.cc(40)] Processing error occured: model WebAppInstallationPromo failed with UkmEngineDisabled, message: 

1월 17, 2024 18:39:25.738 NEW SESSION
1월 17, 2024 18:39:25.739 INFO: Created TensorFlow Lite XNNPACK delegate for CPU.

1월 18, 2024 19:30:17.639 NEW SESSION
1월 18, 2024 19:30:17.639 INFO: Created TensorFlow Lite XNNPACK delegate for CPU.
